INFO	[2022-01-11 21:27:59:411] <7570> START INIPHP repay (V5036-141209)(OS:Linux3.10.0-1160.49.1.el7.x86_64,PHP:7.0.33)
DEBUG	[2022-01-11 21:27:59:411] <7570> inipayhome:/home/pulo/www/shop/inicis
DEBUG	[2022-01-11 21:27:59:411] <7570> debug:false
DEBUG	[2022-01-11 21:27:59:411] <7570> type:repay
DEBUG	[2022-01-11 21:27:59:411] <7570> pgid:INIphpRPAY
DEBUG	[2022-01-11 21:27:59:411] <7570> subpgip:203.238.3.10
DEBUG	[2022-01-11 21:27:59:411] <7570> mid:blingbeaut
DEBUG	[2022-01-11 21:27:59:411] <7570> admin:1111
DEBUG	[2022-01-11 21:27:59:411] <7570> oldtid:INIMX_CARDblingbeaut20220111205330544401
DEBUG	[2022-01-11 21:27:59:411] <7570> currency:WON
DEBUG	[2022-01-11 21:27:59:411] <7570> price:16420
DEBUG	[2022-01-11 21:27:59:411] <7570> confirm_price:0
DEBUG	[2022-01-11 21:27:59:411] <7570> buyeremail:
DEBUG	[2022-01-11 21:27:59:411] <7570> tax:1493
DEBUG	[2022-01-11 21:27:59:411] <7570> taxfree:0
INFO	[2022-01-11 21:27:59:412] <7570> Check Field OK
INFO	[2022-01-11 21:27:59:412] <7570> Make TID OK INIphpRPAYblingbeaut20220111212759123437
INFO	[2022-01-11 21:27:59:412] <7570> PI PUB KEY LOAD OK []
INFO	[2022-01-11 21:27:59:412] <7570> PG PUB KEY LOAD OK [30]
ERROR	[2022-01-11 21:27:59:412] <7570> 상점개인키 로드오류
INFO	[2022-01-11 21:27:59:420] <7570> END repay [TX9301|상점개인키 로드오류] Laptime:[0.009sec]
INFO	[2022-01-11 21:27:59:420] <7570> ===============================================================
INFO	[2022-01-11 21:30:00:647] <6257> START INIPHP repay (V5036-141209)(OS:Linux3.10.0-1160.49.1.el7.x86_64,PHP:7.0.33)
DEBUG	[2022-01-11 21:30:00:647] <6257> inipayhome:/home/pulo/www/shop/inicis
DEBUG	[2022-01-11 21:30:00:647] <6257> debug:false
DEBUG	[2022-01-11 21:30:00:647] <6257> type:repay
DEBUG	[2022-01-11 21:30:00:647] <6257> pgid:INIphpRPAY
DEBUG	[2022-01-11 21:30:00:647] <6257> subpgip:203.238.3.10
DEBUG	[2022-01-11 21:30:00:647] <6257> mid:blingbeaut
DEBUG	[2022-01-11 21:30:00:647] <6257> admin:1111
DEBUG	[2022-01-11 21:30:00:647] <6257> oldtid:INIMX_CARDblingbeaut20220111205330544401
DEBUG	[2022-01-11 21:30:00:647] <6257> currency:WON
DEBUG	[2022-01-11 21:30:00:647] <6257> price:16420
DEBUG	[2022-01-11 21:30:00:647] <6257> confirm_price:0
DEBUG	[2022-01-11 21:30:00:647] <6257> buyeremail:
DEBUG	[2022-01-11 21:30:00:647] <6257> tax:1343
DEBUG	[2022-01-11 21:30:00:647] <6257> taxfree:1642
INFO	[2022-01-11 21:30:00:647] <6257> Check Field OK
INFO	[2022-01-11 21:30:00:647] <6257> Make TID OK INIphpRPAYblingbeaut20220111213000479553
INFO	[2022-01-11 21:30:00:647] <6257> PI PUB KEY LOAD OK []
INFO	[2022-01-11 21:30:00:648] <6257> PG PUB KEY LOAD OK [30]
ERROR	[2022-01-11 21:30:00:648] <6257> 상점개인키 로드오류
INFO	[2022-01-11 21:30:00:653] <6257> END repay [TX9301|상점개인키 로드오류] Laptime:[0.006sec]
INFO	[2022-01-11 21:30:00:653] <6257> ===============================================================
INFO	[2022-01-11 21:30:19:877] <4786> START INIPHP repay (V5036-141209)(OS:Linux3.10.0-1160.49.1.el7.x86_64,PHP:7.0.33)
DEBUG	[2022-01-11 21:30:19:877] <4786> inipayhome:/home/pulo/www/shop/inicis
DEBUG	[2022-01-11 21:30:19:877] <4786> debug:false
DEBUG	[2022-01-11 21:30:19:877] <4786> type:repay
DEBUG	[2022-01-11 21:30:19:877] <4786> pgid:INIphpRPAY
DEBUG	[2022-01-11 21:30:19:877] <4786> subpgip:203.238.3.10
DEBUG	[2022-01-11 21:30:19:877] <4786> mid:blingbeaut
DEBUG	[2022-01-11 21:30:19:877] <4786> admin:1111
DEBUG	[2022-01-11 21:30:19:877] <4786> oldtid:INIMX_CARDblingbeaut20220111205330544401
DEBUG	[2022-01-11 21:30:19:877] <4786> currency:WON
DEBUG	[2022-01-11 21:30:19:877] <4786> price:16420
DEBUG	[2022-01-11 21:30:19:877] <4786> confirm_price:0
DEBUG	[2022-01-11 21:30:19:877] <4786> buyeremail:
DEBUG	[2022-01-11 21:30:19:877] <4786> tax:1343
DEBUG	[2022-01-11 21:30:19:877] <4786> taxfree:1642
INFO	[2022-01-11 21:30:19:877] <4786> Check Field OK
INFO	[2022-01-11 21:30:19:877] <4786> Make TID OK INIphpRPAYblingbeaut20220111213019772528
INFO	[2022-01-11 21:30:19:877] <4786> PI PUB KEY LOAD OK []
INFO	[2022-01-11 21:30:19:878] <4786> PG PUB KEY LOAD OK [30]
ERROR	[2022-01-11 21:30:19:878] <4786> 상점개인키 로드오류
INFO	[2022-01-11 21:30:19:883] <4786> END repay [TX9301|상점개인키 로드오류] Laptime:[0.006sec]
INFO	[2022-01-11 21:30:19:883] <4786> ===============================================================
INFO	[2022-01-11 21:30:48:755] <8822> START INIPHP repay (V5036-141209)(OS:Linux3.10.0-1160.49.1.el7.x86_64,PHP:7.0.33)
DEBUG	[2022-01-11 21:30:48:755] <8822> inipayhome:/home/pulo/www/shop/inicis
DEBUG	[2022-01-11 21:30:48:755] <8822> debug:false
DEBUG	[2022-01-11 21:30:48:755] <8822> type:repay
DEBUG	[2022-01-11 21:30:48:755] <8822> pgid:INIphpRPAY
DEBUG	[2022-01-11 21:30:48:755] <8822> subpgip:203.238.3.10
DEBUG	[2022-01-11 21:30:48:755] <8822> mid:blingbeaut
DEBUG	[2022-01-11 21:30:48:755] <8822> admin:1111
DEBUG	[2022-01-11 21:30:48:755] <8822> oldtid:INIMX_CARDblingbeaut20220111205330544401
DEBUG	[2022-01-11 21:30:48:755] <8822> currency:WON
DEBUG	[2022-01-11 21:30:48:755] <8822> price:16420
DEBUG	[2022-01-11 21:30:48:755] <8822> confirm_price:0
DEBUG	[2022-01-11 21:30:48:755] <8822> buyeremail:
DEBUG	[2022-01-11 21:30:48:755] <8822> tax:1343
DEBUG	[2022-01-11 21:30:48:755] <8822> taxfree:1642
INFO	[2022-01-11 21:30:48:756] <8822> Check Field OK
INFO	[2022-01-11 21:30:48:756] <8822> Make TID OK INIphpRPAYblingbeaut20220111213048567365
INFO	[2022-01-11 21:30:48:756] <8822> PI PUB KEY LOAD OK []
INFO	[2022-01-11 21:30:48:756] <8822> PG PUB KEY LOAD OK [30]
ERROR	[2022-01-11 21:30:48:757] <8822> 상점개인키 로드오류
INFO	[2022-01-11 21:30:48:764] <8822> END repay [TX9301|상점개인키 로드오류] Laptime:[0.009sec]
INFO	[2022-01-11 21:30:48:765] <8822> ===============================================================
