INFO	[2019-05-28 09:38:12:701] <16020> START INIPHP cancel (V5036-141209)(OS:Linux2.6.32-696.20.1.el6.x86_64,PHP:5.5.17p1)
DEBUG	[2019-05-28 09:38:12:701] <16020> inipayhome:/home/hosting_users/k2k9company/www/shop/inicis
DEBUG	[2019-05-28 09:38:12:701] <16020> debug:false
DEBUG	[2019-05-28 09:38:12:701] <16020> type:cancel
DEBUG	[2019-05-28 09:38:12:701] <16020> mid:asetec0001
DEBUG	[2019-05-28 09:38:12:701] <16020> admin:1111
DEBUG	[2019-05-28 09:38:12:701] <16020> tid:StdpayCARDasetec000120190527175259194255
DEBUG	[2019-05-28 09:38:12:701] <16020> cancelmsg:쇼핑몰 운영자 승인 취소
INFO	[2019-05-28 09:38:12:701] <16020> Check Field OK
INFO	[2019-05-28 09:38:12:701] <16020> PI PUB KEY LOAD OK []
INFO	[2019-05-28 09:38:12:703] <16020> PG PUB KEY LOAD OK [30]
INFO	[2019-05-28 09:38:12:714] <16020> MERCHANT PRIV KEY LOAD OK
INFO	[2019-05-28 09:38:12:723] <16020> MERCHANT PUB KEY LOAD OK [0]
DEBUG	[2019-05-28 09:38:12:726] <16020> MAKE ENCRYPT OK[<?xml version="1.0" encoding="UTF-8"?>
<CancelInfo>
	  <CancelTID>StdpayCARDasetec000120190527175259194255</CancelTID>
	  <CancelMsg urlencode="1">%BC%EE%C7%CE%B8%F4+%BF%EE%BF%B5%C0%DA+%BD%C2%C0%CE+%C3%EB%BC%D2</CancelMsg>
	  <CancelReason/></CancelInfo>]
INFO	[2019-05-28 09:38:12:727] <16020> MAKE BODY OK
INFO	[2019-05-28 09:38:12:728] <16020> SIGN OK
INFO	[2019-05-28 09:38:12:728] <16020> MAKE HEAD OK
INFO	[2019-05-28 09:38:12:728] <16020> MSG_TO_PG:[0096200175D SHA1                   0                                      300420asetec0001                    StdpayCARDasetec000120190527175259194255<?xml version="1.0" encoding="UTF-8"?>
<INIpay>
	  <CancelInfo>
	    <SessionKey>xcGpaejmYeIqr3Z3B4RBhhrqalvz8s9cdNVfZ8z+hZ3jxm0DNgjXdukBa2GbKuLu
2Ciz5apW8siBiius4mfW0/malb/0wfc814XY4D0CCalq2SdSdBUHVooJaWPa+Iyq
VO6bYssMJ6dz87KWszOIE4NS4K4EZb/ehaTlL21aku/mZ03LVSrLxw==
</SessionKey>
	    <Encrypted>x+Jz00UCj9+Gfps1lS8hCTykNKFHWyJ9Szha4J4xNuN4MdR/X8b/9pEfYGnVGlBz
iin1uKxt9JDAa27yYS6KZO6jCU659bIw8q6PMwoFoa0CWRZLSHaAsj2ts7wSlMl5
spUrwUaVkQluy76/bbd7JN3IArtJsYZQ/ixpiW/xsTnF465IJ1Sty/PjTJ2aNWt2
qMfbuie0vM7w6yT4jqDgRapV6X90vaQnm8mpEEWByKCXPWj3BNixsxPr4C3MlcsU
rrVLpydqVIjbmebkEQRfxp97VmRXgxGI5xd2HVETwjKH4WSqDMFjyAPVAXBJULjz
fA0LDI36hbRthPYBLJxDAQ==
</Encrypted></CancelInfo>
	  <ReservedInfo>
	    <MReserved1/>
	    <MReserved2/>
	    <MReserved3/></ReservedInfo>
	  <ManageInfo>
	    <Language/>
	    <URL/>
	    <TXVersion>5036B141209canceLinux     PHPchkfake   2.6.32-696.20.1.el6.x86_64PHP:</TXVersion>
	    <TXUserID/>
	    <TXRegNum/></ManageInfo></INIpay>AUnvhakpDM/Xz3fJtHo4m7/Vn/YGXcEOn7zAv08oFSDssoc2foHhqeNPXYPkiSrh
atSS8KcgNgVcd41z3F0Ey7zzW+wuyoxXLfJ/pzsqlBc+coFxEUMAQT+B0J/+04rF
NXvrOQk68uqBD7lgpjnOmKb4nRQFGTicq3Y7QnoXBRWq
]
INFO	[2019-05-28 09:38:12:728] <16020> DNS LOOKUP OK(203.238.37.3:203.238.37.3:34049) laptime:0
INFO	[2019-05-28 09:38:12:729] <16020> SOCKET CONNECT OK
INFO	[2019-05-28 09:38:12:730] <16020> SEND OK
INFO	[2019-05-28 09:38:12:897] <16020> RECV OK
INFO	[2019-05-28 09:38:12:897] <16020> MSG_FROM_PG:[0115800175D SHA1                   0                                      300430asetec0001                    StdpayCARDasetec000120190527175259194255<?xml version="1.0" encoding="UTF-8"?>
<INIpay>
  <CancelInfo>
    <ResultCode>120000</ResultCode>
    <ResultMsg urlencode="1">%C1%A4%BB%F3%C3%B3%B8%AE%B5%C7%BE%FA%BD%C0%B4%CF%B4%D9.</ResultMsg>
    <SessionKey>AFFLzN0XD12o8rrydhx5clia9WKWE1AGYQSsLStYO8cgIiRdhAnVA9o+paYvtVjV
ESGelgZRglrMIWjeSKXNdBI9Omb0QAUliLbJZYaVhB4Ap/nkW7p689vY0sOR5oPP
HwfInL3sVWPKayJmS6wMnrqOAUHu1R0+uU4d8Q4Wt+GD2WTjo2Mkuqs=
</SessionKey>
    <Encrypted>Ywt7cAbNU0ep+ut5d7gg408M7NJKlVyPr/x1VaFqikDYub3lmA9bWipRluIaPmpo
V1saBUDVXSmf7PlEeq1He1OEic9Z+6iRa1ttDqUEZVYgqylwjo1qZrLWbFZdsqY0
7w+TkIxblbWKH50GII5gM87AGVKd6W9yLpdcsnmpofvnpbDYq0aofMIyKxzAjD1X
VfQ8M1Y5GyYLhDXHTYUzbktTx3CaVv8LBwm8LTc+I/2KSIaTbponGihd7dACDod2
rDp1bTIg4TKVN0G7jga36Ltk6dztctFuj5PULrOGCSgmFquqBLPOMk/PsUjjHhvW
CBH//MBB9mtkyakBquPmbeDjoMkgk76BswSNugdus9Y=
</Encrypted>
  </CancelInfo>
  <ManageInfo/>
  <ReservedInfo>
    <MReserved1 urlencode="1"></MReserved1>
    <MReserved2 urlencode="1"></MReserved2>
    <MReserved3 urlencode="1"></MReserved3>
    <PGReserved1 urlencode="1"></PGReserved1>
    <PGReserved2 urlencode="1"></PGReserved2>
    <PGReserved3 urlencode="1"></PGReserved3>
  </ReservedInfo>
</INIpay>
wGvsGdJ/p7BREB8qv5V4MtFIDSW4JRUxNfd+6UulWm1F46oRPpQVNGkjDqSL8/XE
DuzcU8Pks5Nd6t/WJYJVh7pWnBHRvNc4wjpvvtOn7xzlNyOFGyRWQSjlBbpl8m7b
wQUhr/Kq3EfkzxoeXjvAOuJb3cq9/MD425TgAsVc01I=
]
INFO	[2019-05-28 09:38:12:897] <16020> VERIFY OK
INFO	[2019-05-28 09:38:12:897] <16020> PARSE HEAD OK
INFO	[2019-05-28 09:38:12:899] <16020> PARSE BODY OK
INFO	[2019-05-28 09:38:12:903] <16020> DECRYPT OK
DEBUG	[2019-05-28 09:38:12:903] <16020> DECRYPT MSG:[<?xml version="1.0" encoding="UTF-8"?>
<CancelInfo>
  <CancelDate>20190528</CancelDate>
  <CancelTime>093814</CancelTime>
  <ResultCode>120000</ResultCode>
  <ResultMsg urlencode="1">%C1%A4%BB%F3%C3%B3%B8%AE%B5%C7%BE%FA%BD%C0%B4%CF%B4%D9.</ResultMsg>
</CancelInfo>]
INFO	[2019-05-28 09:38:12:904] <16020> DECRYPT PARSE OK
INFO	[2019-05-28 09:38:12:905] <16020> END cancel 정상처리되었습니다. Laptime:[0.225sec]
INFO	[2019-05-28 09:38:12:905] <16020> ===============================================================
