INFO	[2020-12-01 09:01:14:289] <30806> START INIPHP repay (V5036-141209)(OS:Linux3.10.0-1127.el7.x86_64,PHP:7.0.33)
DEBUG	[2020-12-01 09:01:14:289] <30806> inipayhome:/home/payshop/www/shop/inicis
DEBUG	[2020-12-01 09:01:14:289] <30806> debug:false
DEBUG	[2020-12-01 09:01:14:289] <30806> type:repay
DEBUG	[2020-12-01 09:01:14:289] <30806> pgid:INIphpRPAY
DEBUG	[2020-12-01 09:01:14:289] <30806> subpgip:203.238.3.10
DEBUG	[2020-12-01 09:01:14:289] <30806> mid:payshop001
DEBUG	[2020-12-01 09:01:14:289] <30806> admin:1111
DEBUG	[2020-12-01 09:01:14:289] <30806> oldtid:INIMX_CARDpayshop00120201201005206715620
DEBUG	[2020-12-01 09:01:14:289] <30806> currency:WON
DEBUG	[2020-12-01 09:01:14:289] <30806> price:4750
DEBUG	[2020-12-01 09:01:14:289] <30806> confirm_price:0
DEBUG	[2020-12-01 09:01:14:289] <30806> buyeremail:gpsgun@naver.com
DEBUG	[2020-12-01 09:01:14:289] <30806> tax:432
DEBUG	[2020-12-01 09:01:14:289] <30806> taxfree:0
INFO	[2020-12-01 09:01:14:289] <30806> Check Field OK
INFO	[2020-12-01 09:01:14:289] <30806> Make TID OK INIphpRPAYpayshop00120201201090114897151
INFO	[2020-12-01 09:01:14:289] <30806> PI PUB KEY LOAD OK []
INFO	[2020-12-01 09:01:14:290] <30806> PG PUB KEY LOAD OK [30]
ERROR	[2020-12-01 09:01:14:290] <30806> 상점개인키 로드오류
INFO	[2020-12-01 09:01:14:300] <30806> END repay [TX9301|상점개인키 로드오류] Laptime:[0.011sec]
INFO	[2020-12-01 09:01:14:300] <30806> ===============================================================
INFO	[2020-12-01 09:01:33:538] <30904> START INIPHP repay (V5036-141209)(OS:Linux3.10.0-1127.el7.x86_64,PHP:7.0.33)
DEBUG	[2020-12-01 09:01:33:539] <30904> inipayhome:/home/payshop/www/shop/inicis
DEBUG	[2020-12-01 09:01:33:539] <30904> debug:false
DEBUG	[2020-12-01 09:01:33:539] <30904> type:repay
DEBUG	[2020-12-01 09:01:33:539] <30904> pgid:INIphpRPAY
DEBUG	[2020-12-01 09:01:33:539] <30904> subpgip:203.238.3.10
DEBUG	[2020-12-01 09:01:33:539] <30904> mid:payshop001
DEBUG	[2020-12-01 09:01:33:539] <30904> admin:1111
DEBUG	[2020-12-01 09:01:33:539] <30904> oldtid:INIMX_CARDpayshop00120201201005206715620
DEBUG	[2020-12-01 09:01:33:539] <30904> currency:WON
DEBUG	[2020-12-01 09:01:33:539] <30904> price:4750
DEBUG	[2020-12-01 09:01:33:539] <30904> confirm_price:0
DEBUG	[2020-12-01 09:01:33:539] <30904> buyeremail:gpsgun@naver.com
DEBUG	[2020-12-01 09:01:33:539] <30904> tax:432
DEBUG	[2020-12-01 09:01:33:539] <30904> taxfree:0
INFO	[2020-12-01 09:01:33:539] <30904> Check Field OK
INFO	[2020-12-01 09:01:33:539] <30904> Make TID OK INIphpRPAYpayshop00120201201090133392860
INFO	[2020-12-01 09:01:33:539] <30904> PI PUB KEY LOAD OK []
INFO	[2020-12-01 09:01:33:540] <30904> PG PUB KEY LOAD OK [30]
ERROR	[2020-12-01 09:01:33:540] <30904> 상점개인키 로드오류
INFO	[2020-12-01 09:01:33:547] <30904> END repay [TX9301|상점개인키 로드오류] Laptime:[0.009sec]
INFO	[2020-12-01 09:01:33:547] <30904> ===============================================================
