INFO	[2020-12-21 13:04:12:361] <15035> START INIPHP cancel (V5036-141209)(OS:Linux3.10.0-1127.el7.x86_64,PHP:7.0.33)
DEBUG	[2020-12-21 13:04:12:361] <15035> inipayhome:/home/payshop/www/shop/inicis
DEBUG	[2020-12-21 13:04:12:361] <15035> debug:false
DEBUG	[2020-12-21 13:04:12:361] <15035> type:cancel
DEBUG	[2020-12-21 13:04:12:361] <15035> mid:payshop001
DEBUG	[2020-12-21 13:04:12:361] <15035> admin:1111
DEBUG	[2020-12-21 13:04:12:361] <15035> tid:INIMX_CARDpayshop00120201218141414495350
DEBUG	[2020-12-21 13:04:12:361] <15035> cancelmsg:¡÷πÆ¿⁄ ∫ª¿Œ √Îº“-¡¶«∞ ¥‹¡æ
INFO	[2020-12-21 13:04:12:361] <15035> Check Field OK
INFO	[2020-12-21 13:04:12:361] <15035> PI PUB KEY LOAD OK []
INFO	[2020-12-21 13:04:12:400] <15035> PG PUB KEY LOAD OK [30]
ERROR	[2020-12-21 13:04:12:401] <15035> ÏÉÅÏ†êÍ∞úÏù∏ÌÇ§ Î°úÎìúÏò§Î•ò
INFO	[2020-12-21 13:04:12:407] <15035> END cancel [TX9301|ÏÉÅÏ†êÍ∞úÏù∏ÌÇ§ Î°úÎìúÏò§Î•ò] Laptime:[0.072sec]
INFO	[2020-12-21 13:04:12:407] <15035> ===============================================================
INFO	[2020-12-21 13:05:05:958] <15035> START INIPHP cancel (V5036-141209)(OS:Linux3.10.0-1127.el7.x86_64,PHP:7.0.33)
DEBUG	[2020-12-21 13:05:05:958] <15035> inipayhome:/home/payshop/www/shop/inicis
DEBUG	[2020-12-21 13:05:05:958] <15035> debug:false
DEBUG	[2020-12-21 13:05:05:958] <15035> type:cancel
DEBUG	[2020-12-21 13:05:05:958] <15035> mid:payshop001
DEBUG	[2020-12-21 13:05:05:958] <15035> admin:1111
DEBUG	[2020-12-21 13:05:05:958] <15035> tid:INIMX_CARDpayshop00120201218141414495350
DEBUG	[2020-12-21 13:05:05:958] <15035> cancelmsg:¡÷πÆ¿⁄ ∫ª¿Œ √Îº“-¡¶«∞ ¥‹¡æ
INFO	[2020-12-21 13:05:05:958] <15035> Check Field OK
INFO	[2020-12-21 13:05:05:958] <15035> PI PUB KEY LOAD OK []
INFO	[2020-12-21 13:05:05:958] <15035> PG PUB KEY LOAD OK [30]
ERROR	[2020-12-21 13:05:05:958] <15035> ÏÉÅÏ†êÍ∞úÏù∏ÌÇ§ Î°úÎìúÏò§Î•ò
INFO	[2020-12-21 13:05:05:965] <15035> END cancel [TX9301|ÏÉÅÏ†êÍ∞úÏù∏ÌÇ§ Î°úÎìúÏò§Î•ò] Laptime:[0.008sec]
INFO	[2020-12-21 13:05:05:965] <15035> ===============================================================
INFO	[2020-12-21 13:12:49:815] <14581> START INIPHP cancel (V5036-141209)(OS:Linux3.10.0-1127.el7.x86_64,PHP:7.0.33)
DEBUG	[2020-12-21 13:12:49:815] <14581> inipayhome:/home/payshop/www/shop/inicis
DEBUG	[2020-12-21 13:12:49:815] <14581> debug:false
DEBUG	[2020-12-21 13:12:49:815] <14581> type:cancel
DEBUG	[2020-12-21 13:12:49:815] <14581> mid:payshop001
DEBUG	[2020-12-21 13:12:49:815] <14581> admin:1111
DEBUG	[2020-12-21 13:12:49:815] <14581> tid:INIMX_CARDpayshop00120201218141414495350
DEBUG	[2020-12-21 13:12:49:815] <14581> cancelmsg:¡÷πÆ¿⁄ ∫ª¿Œ √Îº“-¡¶«∞ ¥‹¡æ
INFO	[2020-12-21 13:12:49:815] <14581> Check Field OK
INFO	[2020-12-21 13:12:49:815] <14581> PI PUB KEY LOAD OK []
INFO	[2020-12-21 13:12:49:816] <14581> PG PUB KEY LOAD OK [30]
ERROR	[2020-12-21 13:12:49:816] <14581> ÏÉÅÏ†êÍ∞úÏù∏ÌÇ§ Î°úÎìúÏò§Î•ò
INFO	[2020-12-21 13:12:49:822] <14581> END cancel [TX9301|ÏÉÅÏ†êÍ∞úÏù∏ÌÇ§ Î°úÎìúÏò§Î•ò] Laptime:[0.007sec]
INFO	[2020-12-21 13:12:49:822] <14581> ===============================================================
INFO	[2020-12-21 13:13:39:899] <17086> START INIPHP cancel (V5036-141209)(OS:Linux3.10.0-1127.el7.x86_64,PHP:7.0.33)
DEBUG	[2020-12-21 13:13:39:899] <17086> inipayhome:/home/payshop/www/shop/inicis
DEBUG	[2020-12-21 13:13:39:899] <17086> debug:false
DEBUG	[2020-12-21 13:13:39:899] <17086> type:cancel
DEBUG	[2020-12-21 13:13:39:899] <17086> mid:payshop001
DEBUG	[2020-12-21 13:13:39:899] <17086> admin:1111
DEBUG	[2020-12-21 13:13:39:899] <17086> tid:INIMX_CARDpayshop00120201218141414495350
DEBUG	[2020-12-21 13:13:39:899] <17086> cancelmsg:ºÓ«Œ∏Ù øÓøµ¿⁄ Ω¬¿Œ √Îº“
INFO	[2020-12-21 13:13:39:899] <17086> Check Field OK
INFO	[2020-12-21 13:13:39:899] <17086> PI PUB KEY LOAD OK []
INFO	[2020-12-21 13:13:39:899] <17086> PG PUB KEY LOAD OK [30]
ERROR	[2020-12-21 13:13:39:900] <17086> ÏÉÅÏ†êÍ∞úÏù∏ÌÇ§ Î°úÎìúÏò§Î•ò
INFO	[2020-12-21 13:13:39:907] <17086> END cancel [TX9301|ÏÉÅÏ†êÍ∞úÏù∏ÌÇ§ Î°úÎìúÏò§Î•ò] Laptime:[0.008sec]
INFO	[2020-12-21 13:13:39:907] <17086> ===============================================================
INFO	[2020-12-21 13:24:56:532] <17977> START INIPHP cancel (V5036-141209)(OS:Linux3.10.0-1127.el7.x86_64,PHP:7.0.33)
DEBUG	[2020-12-21 13:24:56:532] <17977> inipayhome:/home/payshop/www/shop/inicis
DEBUG	[2020-12-21 13:24:56:532] <17977> debug:false
DEBUG	[2020-12-21 13:24:56:532] <17977> type:cancel
DEBUG	[2020-12-21 13:24:56:532] <17977> mid:payshop001
DEBUG	[2020-12-21 13:24:56:532] <17977> admin:1111
DEBUG	[2020-12-21 13:24:56:532] <17977> tid:INIMX_CARDpayshop00120201218141414495350
DEBUG	[2020-12-21 13:24:56:532] <17977> cancelmsg:¡÷πÆ¿⁄ ∫ª¿Œ √Îº“-¡¶«∞ ¥‹¡æ
INFO	[2020-12-21 13:24:56:532] <17977> Check Field OK
INFO	[2020-12-21 13:24:56:532] <17977> PI PUB KEY LOAD OK []
INFO	[2020-12-21 13:24:56:533] <17977> PG PUB KEY LOAD OK [30]
ERROR	[2020-12-21 13:24:56:533] <17977> ÏÉÅÏ†êÍ∞úÏù∏ÌÇ§ Î°úÎìúÏò§Î•ò
INFO	[2020-12-21 13:24:56:537] <17977> END cancel [TX9301|ÏÉÅÏ†êÍ∞úÏù∏ÌÇ§ Î°úÎìúÏò§Î•ò] Laptime:[0.005sec]
INFO	[2020-12-21 13:24:56:537] <17977> ===============================================================
