INFO	[2019-12-11 11:05:11:724] <23818> START INIPHP repay (V5036-141209)(OS:Linux3.10.0-957.21.3.el7.x86_64,PHP:7.2.22)
DEBUG	[2019-12-11 11:05:11:724] <23818> inipayhome:/home/thanqmall/www/shop/inicis
DEBUG	[2019-12-11 11:05:11:724] <23818> debug:false
DEBUG	[2019-12-11 11:05:11:724] <23818> type:repay
DEBUG	[2019-12-11 11:05:11:724] <23818> pgid:INIphpRPAY
DEBUG	[2019-12-11 11:05:11:724] <23818> subpgip:203.238.3.10
DEBUG	[2019-12-11 11:05:11:724] <23818> mid:TUBkgs3650
DEBUG	[2019-12-11 11:05:11:724] <23818> admin:1111
DEBUG	[2019-12-11 11:05:11:724] <23818> oldtid:StdpayCARDTUBkgs365020191129111304184332
DEBUG	[2019-12-11 11:05:11:724] <23818> currency:WON
DEBUG	[2019-12-11 11:05:11:724] <23818> price:52500
DEBUG	[2019-12-11 11:05:11:724] <23818> confirm_price:0
DEBUG	[2019-12-11 11:05:11:724] <23818> buyeremail:excelanyang@naver.com
DEBUG	[2019-12-11 11:05:11:724] <23818> tax:4773
DEBUG	[2019-12-11 11:05:11:724] <23818> taxfree:0
INFO	[2019-12-11 11:05:11:724] <23818> Check Field OK
INFO	[2019-12-11 11:05:11:724] <23818> Make TID OK INIphpRPAYTUBkgs365020191211110511247344
INFO	[2019-12-11 11:05:11:724] <23818> PI PUB KEY LOAD OK []
INFO	[2019-12-11 11:05:11:724] <23818> PG PUB KEY LOAD OK [30]
ERROR	[2019-12-11 11:05:11:724] <23818> 상점개인키 로드오류
INFO	[2019-12-11 11:05:11:732] <23818> END repay [TX9301|상점개인키 로드오류] Laptime:[0.008sec]
INFO	[2019-12-11 11:05:11:732] <23818> ===============================================================
INFO	[2019-12-11 11:05:44:341] <24551> START INIPHP repay (V5036-141209)(OS:Linux3.10.0-957.21.3.el7.x86_64,PHP:7.2.22)
DEBUG	[2019-12-11 11:05:44:341] <24551> inipayhome:/home/thanqmall/www/shop/inicis
DEBUG	[2019-12-11 11:05:44:341] <24551> debug:false
DEBUG	[2019-12-11 11:05:44:341] <24551> type:repay
DEBUG	[2019-12-11 11:05:44:341] <24551> pgid:INIphpRPAY
DEBUG	[2019-12-11 11:05:44:341] <24551> subpgip:203.238.3.10
DEBUG	[2019-12-11 11:05:44:341] <24551> mid:TUBkgs3650
DEBUG	[2019-12-11 11:05:44:341] <24551> admin:1111
DEBUG	[2019-12-11 11:05:44:341] <24551> oldtid:StdpayCARDTUBkgs365020191129111304184332
DEBUG	[2019-12-11 11:05:44:341] <24551> currency:WON
DEBUG	[2019-12-11 11:05:44:341] <24551> price:52500
DEBUG	[2019-12-11 11:05:44:341] <24551> confirm_price:0
DEBUG	[2019-12-11 11:05:44:341] <24551> buyeremail:excelanyang@naver.com
DEBUG	[2019-12-11 11:05:44:341] <24551> tax:4773
DEBUG	[2019-12-11 11:05:44:341] <24551> taxfree:0
INFO	[2019-12-11 11:05:44:341] <24551> Check Field OK
INFO	[2019-12-11 11:05:44:341] <24551> Make TID OK INIphpRPAYTUBkgs365020191211110544415952
INFO	[2019-12-11 11:05:44:341] <24551> PI PUB KEY LOAD OK []
INFO	[2019-12-11 11:05:44:342] <24551> PG PUB KEY LOAD OK [30]
ERROR	[2019-12-11 11:05:44:342] <24551> 상점개인키 로드오류
INFO	[2019-12-11 11:05:44:349] <24551> END repay [TX9301|상점개인키 로드오류] Laptime:[0.009sec]
INFO	[2019-12-11 11:05:44:349] <24551> ===============================================================
INFO	[2019-12-11 13:23:47:471] <12293> START INIPHP repay (V5036-141209)(OS:Linux3.10.0-957.21.3.el7.x86_64,PHP:7.2.22)
DEBUG	[2019-12-11 13:23:47:471] <12293> inipayhome:/home/thanqmall/www/shop/inicis
DEBUG	[2019-12-11 13:23:47:471] <12293> debug:false
DEBUG	[2019-12-11 13:23:47:471] <12293> type:repay
DEBUG	[2019-12-11 13:23:47:471] <12293> pgid:INIphpRPAY
DEBUG	[2019-12-11 13:23:47:471] <12293> subpgip:203.238.3.10
DEBUG	[2019-12-11 13:23:47:471] <12293> mid:TUBkgs3650
DEBUG	[2019-12-11 13:23:47:471] <12293> admin:1111
DEBUG	[2019-12-11 13:23:47:471] <12293> oldtid:StdpayCARDTUBkgs365020191129111304184332
DEBUG	[2019-12-11 13:23:47:471] <12293> currency:WON
DEBUG	[2019-12-11 13:23:47:471] <12293> price:52500
DEBUG	[2019-12-11 13:23:47:471] <12293> confirm_price:0
DEBUG	[2019-12-11 13:23:47:471] <12293> buyeremail:excelanyang@naver.com
DEBUG	[2019-12-11 13:23:47:471] <12293> tax:4773
DEBUG	[2019-12-11 13:23:47:471] <12293> taxfree:0
INFO	[2019-12-11 13:23:47:471] <12293> Check Field OK
INFO	[2019-12-11 13:23:47:471] <12293> Make TID OK INIphpRPAYTUBkgs365020191211132347713223
INFO	[2019-12-11 13:23:47:471] <12293> PI PUB KEY LOAD OK []
INFO	[2019-12-11 13:23:47:472] <12293> PG PUB KEY LOAD OK [30]
ERROR	[2019-12-11 13:23:47:472] <12293> 상점개인키 로드오류
INFO	[2019-12-11 13:23:47:479] <12293> END repay [TX9301|상점개인키 로드오류] Laptime:[0.008sec]
INFO	[2019-12-11 13:23:47:479] <12293> ===============================================================
INFO	[2019-12-11 13:25:14:743] <12999> START INIPHP repay (V5036-141209)(OS:Linux3.10.0-957.21.3.el7.x86_64,PHP:7.2.22)
DEBUG	[2019-12-11 13:25:14:743] <12999> inipayhome:/home/thanqmall/www/shop/inicis
DEBUG	[2019-12-11 13:25:14:743] <12999> debug:false
DEBUG	[2019-12-11 13:25:14:743] <12999> type:repay
DEBUG	[2019-12-11 13:25:14:743] <12999> pgid:INIphpRPAY
DEBUG	[2019-12-11 13:25:14:743] <12999> subpgip:203.238.3.10
DEBUG	[2019-12-11 13:25:14:743] <12999> mid:TUBkgs3650
DEBUG	[2019-12-11 13:25:14:743] <12999> admin:1111
DEBUG	[2019-12-11 13:25:14:743] <12999> oldtid:StdpayCARDTUBkgs365020191129111304184332
DEBUG	[2019-12-11 13:25:14:743] <12999> currency:WON
DEBUG	[2019-12-11 13:25:14:743] <12999> price:52500
DEBUG	[2019-12-11 13:25:14:743] <12999> confirm_price:0
DEBUG	[2019-12-11 13:25:14:743] <12999> buyeremail:excelanyang@naver.com
DEBUG	[2019-12-11 13:25:14:743] <12999> tax:4773
DEBUG	[2019-12-11 13:25:14:743] <12999> taxfree:0
INFO	[2019-12-11 13:25:14:743] <12999> Check Field OK
INFO	[2019-12-11 13:25:14:743] <12999> Make TID OK INIphpRPAYTUBkgs365020191211132514438964
INFO	[2019-12-11 13:25:14:743] <12999> PI PUB KEY LOAD OK []
INFO	[2019-12-11 13:25:14:744] <12999> PG PUB KEY LOAD OK [30]
ERROR	[2019-12-11 13:25:14:744] <12999> 상점개인키 로드오류
INFO	[2019-12-11 13:25:14:752] <12999> END repay [TX9301|상점개인키 로드오류] Laptime:[0.009sec]
INFO	[2019-12-11 13:25:14:752] <12999> ===============================================================
INFO	[2019-12-11 17:00:57:649] <13209> START INIPHP repay (V5036-141209)(OS:Linux3.10.0-957.21.3.el7.x86_64,PHP:7.2.22)
DEBUG	[2019-12-11 17:00:57:649] <13209> inipayhome:/home/thanqmall/www/shop/inicis
DEBUG	[2019-12-11 17:00:57:649] <13209> debug:false
DEBUG	[2019-12-11 17:00:57:649] <13209> type:repay
DEBUG	[2019-12-11 17:00:57:649] <13209> pgid:INIphpRPAY
DEBUG	[2019-12-11 17:00:57:649] <13209> subpgip:203.238.3.10
DEBUG	[2019-12-11 17:00:57:649] <13209> mid:TUBkgs3650
DEBUG	[2019-12-11 17:00:57:649] <13209> admin:1111
DEBUG	[2019-12-11 17:00:57:649] <13209> oldtid:StdpayCARDTUBkgs365020191129111304184332
DEBUG	[2019-12-11 17:00:57:649] <13209> currency:WON
DEBUG	[2019-12-11 17:00:57:649] <13209> price:52500
DEBUG	[2019-12-11 17:00:57:649] <13209> confirm_price:0
DEBUG	[2019-12-11 17:00:57:649] <13209> buyeremail:excelanyang@naver.com
DEBUG	[2019-12-11 17:00:57:649] <13209> tax:4773
DEBUG	[2019-12-11 17:00:57:649] <13209> taxfree:0
INFO	[2019-12-11 17:00:57:649] <13209> Check Field OK
INFO	[2019-12-11 17:00:57:649] <13209> Make TID OK INIphpRPAYTUBkgs365020191211170057493197
INFO	[2019-12-11 17:00:57:649] <13209> PI PUB KEY LOAD OK []
INFO	[2019-12-11 17:00:57:649] <13209> PG PUB KEY LOAD OK [30]
ERROR	[2019-12-11 17:00:57:650] <13209> 상점개인키 로드오류
INFO	[2019-12-11 17:00:57:659] <13209> END repay [TX9301|상점개인키 로드오류] Laptime:[0.01sec]
INFO	[2019-12-11 17:00:57:659] <13209> ===============================================================
INFO	[2019-12-11 17:01:05:905] <13197> START INIPHP repay (V5036-141209)(OS:Linux3.10.0-957.21.3.el7.x86_64,PHP:7.2.22)
DEBUG	[2019-12-11 17:01:05:905] <13197> inipayhome:/home/thanqmall/www/shop/inicis
DEBUG	[2019-12-11 17:01:05:905] <13197> debug:false
DEBUG	[2019-12-11 17:01:05:905] <13197> type:repay
DEBUG	[2019-12-11 17:01:05:905] <13197> pgid:INIphpRPAY
DEBUG	[2019-12-11 17:01:05:905] <13197> subpgip:203.238.3.10
DEBUG	[2019-12-11 17:01:05:905] <13197> mid:TUBkgs3650
DEBUG	[2019-12-11 17:01:05:905] <13197> admin:1111
DEBUG	[2019-12-11 17:01:05:905] <13197> oldtid:StdpayCARDTUBkgs365020191129111304184332
DEBUG	[2019-12-11 17:01:05:905] <13197> currency:WON
DEBUG	[2019-12-11 17:01:05:905] <13197> price:52500
DEBUG	[2019-12-11 17:01:05:905] <13197> confirm_price:0
DEBUG	[2019-12-11 17:01:05:905] <13197> buyeremail:excelanyang@naver.com
DEBUG	[2019-12-11 17:01:05:905] <13197> tax:4773
DEBUG	[2019-12-11 17:01:05:905] <13197> taxfree:0
INFO	[2019-12-11 17:01:05:905] <13197> Check Field OK
INFO	[2019-12-11 17:01:05:905] <13197> Make TID OK INIphpRPAYTUBkgs365020191211170105057818
INFO	[2019-12-11 17:01:05:905] <13197> PI PUB KEY LOAD OK []
INFO	[2019-12-11 17:01:05:906] <13197> PG PUB KEY LOAD OK [30]
ERROR	[2019-12-11 17:01:05:906] <13197> 상점개인키 로드오류
INFO	[2019-12-11 17:01:05:915] <13197> END repay [TX9301|상점개인키 로드오류] Laptime:[0.01sec]
INFO	[2019-12-11 17:01:05:915] <13197> ===============================================================
