INFO	[2019-03-13 18:11:10:634] <55918> START INIPHP cancel (V5036-141209)(OS:Linux2.6.32-696.20.1.el6.x86_64,PHP:5.5.17p1)
DEBUG	[2019-03-13 18:11:10:634] <55918> inipayhome:/home/hosting_users/k2k9company/www/shop/inicis
DEBUG	[2019-03-13 18:11:10:634] <55918> debug:false
DEBUG	[2019-03-13 18:11:10:634] <55918> type:cancel
DEBUG	[2019-03-13 18:11:10:634] <55918> mid:TUBk2k9com
DEBUG	[2019-03-13 18:11:10:634] <55918> admin:1111
DEBUG	[2019-03-13 18:11:10:634] <55918> tid:StdpayCARDTUBshhello20190313165211613524
DEBUG	[2019-03-13 18:11:10:634] <55918> cancelmsg:¡÷πÆ¿⁄ ∫ª¿Œ √Îº“-¡ª¥ı π‡¿∫ ªˆªÛ¿∏∑Œ ªÁ∑¡∞Ì
INFO	[2019-03-13 18:11:10:634] <55918> Check Field OK
INFO	[2019-03-13 18:11:10:634] <55918> PI PUB KEY LOAD OK []
INFO	[2019-03-13 18:11:10:636] <55918> PG PUB KEY LOAD OK [30]
ERROR	[2019-03-13 18:11:10:636] <55918> ÏÉÅÏ†êÍ∞úÏù∏ÌÇ§ Î°úÎìúÏò§Î•ò
INFO	[2019-03-13 18:11:10:641] <55918> END cancel [TX9301|ÏÉÅÏ†êÍ∞úÏù∏ÌÇ§ Î°úÎìúÏò§Î•ò] Laptime:[0.008sec]
INFO	[2019-03-13 18:11:10:641] <55918> ===============================================================
INFO	[2019-03-13 18:11:47:525] <53077> START INIPHP cancel (V5036-141209)(OS:Linux2.6.32-696.20.1.el6.x86_64,PHP:5.5.17p1)
DEBUG	[2019-03-13 18:11:47:525] <53077> inipayhome:/home/hosting_users/k2k9company/www/shop/inicis
DEBUG	[2019-03-13 18:11:47:525] <53077> debug:false
DEBUG	[2019-03-13 18:11:47:525] <53077> type:cancel
DEBUG	[2019-03-13 18:11:47:525] <53077> mid:TUBk2k9com
DEBUG	[2019-03-13 18:11:47:525] <53077> admin:1111
DEBUG	[2019-03-13 18:11:47:525] <53077> tid:StdpayCARDTUBshhello20190313165211613524
DEBUG	[2019-03-13 18:11:47:525] <53077> cancelmsg:¡÷πÆ¿⁄ ∫ª¿Œ √Îº“-¡ª¥ı π‡¿∫ ªˆªÛ¿∏∑Œ ªÁ∑¡∞Ì
INFO	[2019-03-13 18:11:47:525] <53077> Check Field OK
INFO	[2019-03-13 18:11:47:525] <53077> PI PUB KEY LOAD OK []
INFO	[2019-03-13 18:11:47:526] <53077> PG PUB KEY LOAD OK [30]
ERROR	[2019-03-13 18:11:47:526] <53077> ÏÉÅÏ†êÍ∞úÏù∏ÌÇ§ Î°úÎìúÏò§Î•ò
INFO	[2019-03-13 18:11:47:528] <53077> END cancel [TX9301|ÏÉÅÏ†êÍ∞úÏù∏ÌÇ§ Î°úÎìúÏò§Î•ò] Laptime:[0.003sec]
INFO	[2019-03-13 18:11:47:528] <53077> ===============================================================
