INFO	[2022-01-25 13:09:38:881] <29343> START INIPHP cancel (V5036-141209)(OS:Linux3.10.0-1160.49.1.el7.x86_64,PHP:7.0.33)
DEBUG	[2022-01-25 13:09:38:881] <29343> inipayhome:/home/pulo/www/shop/inicis
DEBUG	[2022-01-25 13:09:38:881] <29343> debug:false
DEBUG	[2022-01-25 13:09:38:881] <29343> type:cancel
DEBUG	[2022-01-25 13:09:38:881] <29343> mid:blingbeaut
DEBUG	[2022-01-25 13:09:38:881] <29343> admin:1111
DEBUG	[2022-01-25 13:09:38:881] <29343> tid:INIMX_CARDblingbeaut20220116103326905109
DEBUG	[2022-01-25 13:09:38:881] <29343> cancelmsg:ºÓ«Œ∏Ù øÓøµ¿⁄ Ω¬¿Œ √Îº“
INFO	[2022-01-25 13:09:38:881] <29343> Check Field OK
INFO	[2022-01-25 13:09:38:881] <29343> PI PUB KEY LOAD OK []
INFO	[2022-01-25 13:09:38:882] <29343> PG PUB KEY LOAD OK [30]
ERROR	[2022-01-25 13:09:38:882] <29343> ÏÉÅÏ†êÍ∞úÏù∏ÌÇ§ Î°úÎìúÏò§Î•ò
INFO	[2022-01-25 13:09:38:890] <29343> END cancel [TX9301|ÏÉÅÏ†êÍ∞úÏù∏ÌÇ§ Î°úÎìúÏò§Î•ò] Laptime:[0.009sec]
INFO	[2022-01-25 13:09:38:890] <29343> ===============================================================
INFO	[2022-01-25 13:09:47:847] <29343> START INIPHP cancel (V5036-141209)(OS:Linux3.10.0-1160.49.1.el7.x86_64,PHP:7.0.33)
DEBUG	[2022-01-25 13:09:47:847] <29343> inipayhome:/home/pulo/www/shop/inicis
DEBUG	[2022-01-25 13:09:47:847] <29343> debug:false
DEBUG	[2022-01-25 13:09:47:847] <29343> type:cancel
DEBUG	[2022-01-25 13:09:47:847] <29343> mid:blingbeaut
DEBUG	[2022-01-25 13:09:47:847] <29343> admin:1111
DEBUG	[2022-01-25 13:09:47:847] <29343> tid:StdpayISP_blingbeaut20220105133849835796
DEBUG	[2022-01-25 13:09:47:847] <29343> cancelmsg:ºÓ«Œ∏Ù øÓøµ¿⁄ Ω¬¿Œ √Îº“
INFO	[2022-01-25 13:09:47:847] <29343> Check Field OK
INFO	[2022-01-25 13:09:47:847] <29343> PI PUB KEY LOAD OK []
INFO	[2022-01-25 13:09:47:848] <29343> PG PUB KEY LOAD OK [30]
ERROR	[2022-01-25 13:09:47:848] <29343> ÏÉÅÏ†êÍ∞úÏù∏ÌÇ§ Î°úÎìúÏò§Î•ò
INFO	[2022-01-25 13:09:47:857] <29343> END cancel [TX9301|ÏÉÅÏ†êÍ∞úÏù∏ÌÇ§ Î°úÎìúÏò§Î•ò] Laptime:[0.01sec]
INFO	[2022-01-25 13:09:47:857] <29343> ===============================================================
