INFO	[2019-04-05 18:35:27:52] <50587> START INIPHP receipt (V5036-141209)(OS:Linux2.6.32-696.20.1.el6.x86_64,PHP:5.5.17p1)
DEBUG	[2019-04-05 18:35:27:52] <50587> inipayhome:/home/hosting_users/k2k9company/www/shop/inicis
DEBUG	[2019-04-05 18:35:27:52] <50587> debug:false
DEBUG	[2019-04-05 18:35:27:52] <50587> type:receipt
DEBUG	[2019-04-05 18:35:27:52] <50587> pgid:INIphpRECP
DEBUG	[2019-04-05 18:35:27:52] <50587> paymethod:CASH
DEBUG	[2019-04-05 18:35:27:52] <50587> currency:WON
DEBUG	[2019-04-05 18:35:27:52] <50587> admin:1111
DEBUG	[2019-04-05 18:35:27:52] <50587> mid:TUBk2k9com
DEBUG	[2019-04-05 18:35:27:52] <50587> goodname:∫∏æ∆Ω∫∞¯±‚√ª¡§±‚
DEBUG	[2019-04-05 18:35:27:52] <50587> cr_price:396000
DEBUG	[2019-04-05 18:35:27:52] <50587> sup_price:360000
DEBUG	[2019-04-05 18:35:27:52] <50587> tax:36000
DEBUG	[2019-04-05 18:35:27:52] <50587> srvc_price:0
DEBUG	[2019-04-05 18:35:27:52] <50587> buyername:πËºÆ±Ÿ
DEBUG	[2019-04-05 18:35:27:52] <50587> buyeremail:sgbae1@naver.com
DEBUG	[2019-04-05 18:35:27:52] <50587> buyertel:01022668639
DEBUG	[2019-04-05 18:35:27:52] <50587> reg_num:01022668639
DEBUG	[2019-04-05 18:35:27:52] <50587> useopt:0
DEBUG	[2019-04-05 18:35:27:52] <50587> companynumber:
INFO	[2019-04-05 18:35:27:52] <50587> Check Field OK
INFO	[2019-04-05 18:35:27:52] <50587> Make TID OK INIphpRECPTUBk2k9com20190405183527525270
INFO	[2019-04-05 18:35:27:52] <50587> PI PUB KEY LOAD OK []
INFO	[2019-04-05 18:35:27:70] <50587> PG PUB KEY LOAD OK [30]
ERROR	[2019-04-05 18:35:27:70] <50587> ÏÉÅÏ†êÍ∞úÏù∏ÌÇ§ Î°úÎìúÏò§Î•ò
INFO	[2019-04-05 18:35:27:72] <50587> END receipt [TX9301|ÏÉÅÏ†êÍ∞úÏù∏ÌÇ§ Î°úÎìúÏò§Î•ò] Laptime:[0.021sec]
INFO	[2019-04-05 18:35:27:73] <50587> ===============================================================
