INFO	[2019-08-01 14:51:02:980] <47891> START INIPHP cancel (V5036-141209)(OS:Linux2.6.32-696.20.1.el6.x86_64,PHP:5.5.17p1)
DEBUG	[2019-08-01 14:51:02:980] <47891> inipayhome:/home/hosting_users/k2k9company/www/shop/inicis
DEBUG	[2019-08-01 14:51:02:980] <47891> debug:false
DEBUG	[2019-08-01 14:51:02:980] <47891> type:cancel
DEBUG	[2019-08-01 14:51:02:980] <47891> mid:TUBk2k9com
DEBUG	[2019-08-01 14:51:02:980] <47891> admin:1111
DEBUG	[2019-08-01 14:51:02:980] <47891> tid:StdpayCARDTUBk2k9com20190801091321184954
DEBUG	[2019-08-01 14:51:02:980] <47891> cancelmsg:¡÷πÆ¿⁄ ∫ª¿Œ √Îº“-¿Á¡÷πÆ
INFO	[2019-08-01 14:51:02:980] <47891> Check Field OK
INFO	[2019-08-01 14:51:02:980] <47891> PI PUB KEY LOAD OK []
INFO	[2019-08-01 14:51:02:981] <47891> PG PUB KEY LOAD OK [30]
ERROR	[2019-08-01 14:51:02:981] <47891> ÏÉÅÏ†êÍ∞úÏù∏ÌÇ§ Î°úÎìúÏò§Î•ò
INFO	[2019-08-01 14:51:02:986] <47891> END cancel [TX9301|ÏÉÅÏ†êÍ∞úÏù∏ÌÇ§ Î°úÎìúÏò§Î•ò] Laptime:[0.015sec]
INFO	[2019-08-01 14:51:02:987] <47891> ===============================================================
INFO	[2019-08-01 14:54:52:836] <49188> START INIPHP cancel (V5036-141209)(OS:Linux2.6.32-696.20.1.el6.x86_64,PHP:5.5.17p1)
DEBUG	[2019-08-01 14:54:52:836] <49188> inipayhome:/home/hosting_users/k2k9company/www/shop/inicis
DEBUG	[2019-08-01 14:54:52:836] <49188> debug:false
DEBUG	[2019-08-01 14:54:52:836] <49188> type:cancel
DEBUG	[2019-08-01 14:54:52:836] <49188> mid:TUBk2k9com
DEBUG	[2019-08-01 14:54:52:836] <49188> admin:1111
DEBUG	[2019-08-01 14:54:52:836] <49188> tid:StdpayCARDTUBk2k9com20190801091321184954
DEBUG	[2019-08-01 14:54:52:836] <49188> cancelmsg:¡÷πÆ¿⁄ ∫ª¿Œ √Îº“-11111111111111111111111111
INFO	[2019-08-01 14:54:52:836] <49188> Check Field OK
INFO	[2019-08-01 14:54:52:836] <49188> PI PUB KEY LOAD OK []
INFO	[2019-08-01 14:54:52:837] <49188> PG PUB KEY LOAD OK [30]
ERROR	[2019-08-01 14:54:52:837] <49188> ÏÉÅÏ†êÍ∞úÏù∏ÌÇ§ Î°úÎìúÏò§Î•ò
INFO	[2019-08-01 14:54:52:840] <49188> END cancel [TX9301|ÏÉÅÏ†êÍ∞úÏù∏ÌÇ§ Î°úÎìúÏò§Î•ò] Laptime:[0.004sec]
INFO	[2019-08-01 14:54:52:840] <49188> ===============================================================
