2020-02-18 00:30:29 [INFO ] [] XPayClient initialize [/regone/www/plugin/lgxpay/lgdacom] [service]
2020-02-18 00:30:29 [DEBUG] [] Config [server_id] = [01]
2020-02-18 00:30:29 [DEBUG] [] Config [timeout] = [60]
2020-02-18 00:30:29 [DEBUG] [] Config [log_level] = [4]
2020-02-18 00:30:29 [DEBUG] [] Config [verify_cert] = [1]
2020-02-18 00:30:29 [DEBUG] [] Config [verify_host] = [1]
2020-02-18 00:30:29 [DEBUG] [] Config [report_error] = [1]
2020-02-18 00:30:29 [DEBUG] [] Config [output_UTF8] = [1]
2020-02-18 00:30:29 [DEBUG] [] Config [auto_rollback] = [1]
2020-02-18 00:30:29 [DEBUG] [] Config [log_dir] = [/regone/www/plugin/lgxpay/lgdacom/log]
2020-02-18 00:30:29 [DEBUG] [] Config [tlgdacomxpay] = [95160cce09854ef44d2edb2bfb05f9f3]
2020-02-18 00:30:29 [DEBUG] [] Config [lgdacomxpay] = [95160cce09854ef44d2edb2bfb05f9f3]
2020-02-18 00:30:29 [DEBUG] [] Config [url] = [https://xpayclient.lgdacom.net/xpay/Gateway.do]
2020-02-18 00:30:29 [DEBUG] [] Config [test_url] = [https://xpayclient.lgdacom.net:7443/xpay/Gateway.do]
2020-02-18 00:30:29 [DEBUG] [] Config [aux_url] = [http://xpayclient.lgdacom.net:7080/xpay/Gateway.do]
2020-02-18 09:50:18 [INFO ] [] XPayClient initialize [/regone/www/plugin/lgxpay/lgdacom] [service]
2020-02-18 09:50:18 [DEBUG] [] Config [server_id] = [01]
2020-02-18 09:50:18 [DEBUG] [] Config [timeout] = [60]
2020-02-18 09:50:18 [DEBUG] [] Config [log_level] = [4]
2020-02-18 09:50:18 [DEBUG] [] Config [verify_cert] = [1]
2020-02-18 09:50:18 [DEBUG] [] Config [verify_host] = [1]
2020-02-18 09:50:18 [DEBUG] [] Config [report_error] = [1]
2020-02-18 09:50:18 [DEBUG] [] Config [output_UTF8] = [1]
2020-02-18 09:50:18 [DEBUG] [] Config [auto_rollback] = [1]
2020-02-18 09:50:18 [DEBUG] [] Config [log_dir] = [/regone/www/plugin/lgxpay/lgdacom/log]
2020-02-18 09:50:18 [DEBUG] [] Config [tlgdacomxpay] = [95160cce09854ef44d2edb2bfb05f9f3]
2020-02-18 09:50:18 [DEBUG] [] Config [lgdacomxpay] = [95160cce09854ef44d2edb2bfb05f9f3]
2020-02-18 09:50:18 [DEBUG] [] Config [url] = [https://xpayclient.lgdacom.net/xpay/Gateway.do]
2020-02-18 09:50:18 [DEBUG] [] Config [test_url] = [https://xpayclient.lgdacom.net:7443/xpay/Gateway.do]
2020-02-18 09:50:18 [DEBUG] [] Config [aux_url] = [http://xpayclient.lgdacom.net:7080/xpay/Gateway.do]
2020-02-18 18:30:46 [INFO ] [] XPayClient initialize [/regone/www/plugin/lgxpay/lgdacom] [service]
2020-02-18 18:30:46 [DEBUG] [] Config [server_id] = [01]
2020-02-18 18:30:46 [DEBUG] [] Config [timeout] = [60]
2020-02-18 18:30:46 [DEBUG] [] Config [log_level] = [4]
2020-02-18 18:30:46 [DEBUG] [] Config [verify_cert] = [1]
2020-02-18 18:30:46 [DEBUG] [] Config [verify_host] = [1]
2020-02-18 18:30:46 [DEBUG] [] Config [report_error] = [1]
2020-02-18 18:30:46 [DEBUG] [] Config [output_UTF8] = [1]
2020-02-18 18:30:46 [DEBUG] [] Config [auto_rollback] = [1]
2020-02-18 18:30:46 [DEBUG] [] Config [log_dir] = [/regone/www/plugin/lgxpay/lgdacom/log]
2020-02-18 18:30:46 [DEBUG] [] Config [tlgdacomxpay] = [95160cce09854ef44d2edb2bfb05f9f3]
2020-02-18 18:30:46 [DEBUG] [] Config [lgdacomxpay] = [95160cce09854ef44d2edb2bfb05f9f3]
2020-02-18 18:30:46 [DEBUG] [] Config [url] = [https://xpayclient.lgdacom.net/xpay/Gateway.do]
2020-02-18 18:30:46 [DEBUG] [] Config [test_url] = [https://xpayclient.lgdacom.net:7443/xpay/Gateway.do]
2020-02-18 18:30:46 [DEBUG] [] Config [aux_url] = [http://xpayclient.lgdacom.net:7080/xpay/Gateway.do]
