2020-05-04 15:47:00 [INFO ] [] XPayClient initialize [/regone/www/plugin/lgxpay/lgdacom] [service]
2020-05-04 15:47:00 [DEBUG] [] Config [server_id] = [01]
2020-05-04 15:47:00 [DEBUG] [] Config [timeout] = [60]
2020-05-04 15:47:00 [DEBUG] [] Config [log_level] = [4]
2020-05-04 15:47:00 [DEBUG] [] Config [verify_cert] = [1]
2020-05-04 15:47:00 [DEBUG] [] Config [verify_host] = [1]
2020-05-04 15:47:00 [DEBUG] [] Config [report_error] = [1]
2020-05-04 15:47:00 [DEBUG] [] Config [output_UTF8] = [1]
2020-05-04 15:47:00 [DEBUG] [] Config [auto_rollback] = [1]
2020-05-04 15:47:00 [DEBUG] [] Config [log_dir] = [/regone/www/plugin/lgxpay/lgdacom/log]
2020-05-04 15:47:00 [DEBUG] [] Config [tlgdacomxpay] = [95160cce09854ef44d2edb2bfb05f9f3]
2020-05-04 15:47:00 [DEBUG] [] Config [lgdacomxpay] = [95160cce09854ef44d2edb2bfb05f9f3]
2020-05-04 15:47:00 [DEBUG] [] Config [url] = [https://xpayclient.lgdacom.net/xpay/Gateway.do]
2020-05-04 15:47:00 [DEBUG] [] Config [test_url] = [https://xpayclient.lgdacom.net:7443/xpay/Gateway.do]
2020-05-04 15:47:00 [DEBUG] [] Config [aux_url] = [http://xpayclient.lgdacom.net:7080/xpay/Gateway.do]
2020-05-04 15:47:00 [DEBUG] [dacomst7-0120200504154700c0c6395c8fe8af639e25b2a0da703dc2c927d45e] Post [LGD_TXID] = [dacomst7-0120200504154700c0c6395c8fe8af639e25b2a0da703dc2c927d45e]
2020-05-04 15:47:00 [DEBUG] [dacomst7-0120200504154700c0c6395c8fe8af639e25b2a0da703dc2c927d45e] Post [LGD_AUTHCODE] = [52c2798fcd7a65589c079501f0ac0be90e787ce1]
2020-05-04 15:47:00 [DEBUG] [dacomst7-0120200504154700c0c6395c8fe8af639e25b2a0da703dc2c927d45e] Post [LGD_MID] = [dacomst7]
2020-05-04 15:47:00 [DEBUG] [dacomst7-0120200504154700c0c6395c8fe8af639e25b2a0da703dc2c927d45e] Post [LGD_TXNAME] = [PartialCancel]
2020-05-04 15:47:00 [DEBUG] [dacomst7-0120200504154700c0c6395c8fe8af639e25b2a0da703dc2c927d45e] Post [LGD_TID] = [20042115165910105900]
2020-05-04 15:47:00 [DEBUG] [dacomst7-0120200504154700c0c6395c8fe8af639e25b2a0da703dc2c927d45e] Post [LGD_CANCELAMOUNT] = [22407]
2020-05-04 15:47:00 [DEBUG] [dacomst7-0120200504154700c0c6395c8fe8af639e25b2a0da703dc2c927d45e] Post [LGD_REMAINAMOUNT] = [22407]
2020-05-04 15:47:00 [DEBUG] [dacomst7-0120200504154700c0c6395c8fe8af639e25b2a0da703dc2c927d45e] Post [LGD_CANCELTAXFREEAMOUNT] = [0]
2020-05-04 15:47:00 [DEBUG] [dacomst7-0120200504154700c0c6395c8fe8af639e25b2a0da703dc2c927d45e] Post [LGD_CANCELREASON] = [ÏÉÅÌíàÏò§Î•ò]
2020-05-04 15:47:00 [DEBUG] [dacomst7-0120200504154700c0c6395c8fe8af639e25b2a0da703dc2c927d45e] Post [LGD_RFACCOUNTNUM] = []
2020-05-04 15:47:00 [DEBUG] [dacomst7-0120200504154700c0c6395c8fe8af639e25b2a0da703dc2c927d45e] Post [LGD_RFBANKCODE] = []
2020-05-04 15:47:00 [DEBUG] [dacomst7-0120200504154700c0c6395c8fe8af639e25b2a0da703dc2c927d45e] Post [LGD_RFCUSTOMERNAME] = []
2020-05-04 15:47:00 [DEBUG] [dacomst7-0120200504154700c0c6395c8fe8af639e25b2a0da703dc2c927d45e] Post [LGD_RFPHONE] = []
2020-05-04 15:47:00 [DEBUG] [dacomst7-0120200504154700c0c6395c8fe8af639e25b2a0da703dc2c927d45e] Post [LGD_REQREMAIN] = [0]
2020-05-04 15:47:00 [DEBUG] [dacomst7-0120200504154700c0c6395c8fe8af639e25b2a0da703dc2c927d45e] Post [LGD_ENCODING] = [UTF-8]
2020-05-04 15:47:00 [DEBUG] [dacomst7-0120200504154700c0c6395c8fe8af639e25b2a0da703dc2c927d45e] post_string = LGD_TXID=dacomst7-0120200504154700c0c6395c8fe8af639e25b2a0da703dc2c927d45e&LGD_AUTHCODE=52c2798fcd7a65589c079501f0ac0be90e787ce1&LGD_MID=dacomst7&LGD_TXNAME=PartialCancel&LGD_TID=20042115165910105900&LGD_CANCELAMOUNT=22407&LGD_REMAINAMOUNT=22407&LGD_CANCELTAXFREEAMOUNT=0&LGD_CANCELREASON=%EC%83%81%ED%92%88%EC%98%A4%EB%A5%98&LGD_RFACCOUNTNUM=&LGD_RFBANKCODE=&LGD_RFCUSTOMERNAME=&LGD_RFPHONE=&LGD_REQREMAIN=0&LGD_ENCODING=UTF-8
2020-05-04 15:47:00 [DEBUG] [dacomst7-0120200504154700c0c6395c8fe8af639e25b2a0da703dc2c927d45e] Result = [









{"LGD_RESPCODE":"XC01","LGD_RESPMSG":"Ï°¥Ïû¨ÌïòÏßÄ ÏïäÎäî Í±∞ÎûòÏûÖÎãàÎã§.","LGD_RESPONSE":[{"LGD_RESPCODE":"XC01","LGD_HASHDATA":"2eec2dd8fa5735b218dbce7b48685570","LGD_TIMESTAMP":"20200504154700","LGD_RESPMSG":"Ï°¥Ïû¨ÌïòÏßÄ ÏïäÎäî Í±∞ÎûòÏûÖÎãàÎã§."}]}
]
2020-05-04 15:47:00 [INFO ] [dacomst7-0120200504154700c0c6395c8fe8af639e25b2a0da703dc2c927d45e] Response Code=[XC01], Msg=[¡∏¿Á«œ¡ˆ æ ¥¬ ∞≈∑°¿‘¥œ¥Ÿ.], Count=1
2020-05-04 15:47:00 [DEBUG] [dacomst7-0120200504154700c0c6395c8fe8af639e25b2a0da703dc2c927d45e] Response (LGD_RESPCODE, 0) = XC01
2020-05-04 15:47:00 [DEBUG] [dacomst7-0120200504154700c0c6395c8fe8af639e25b2a0da703dc2c927d45e] Response (LGD_HASHDATA, 0) = 2eec2dd8fa5735b218dbce7b48685570
2020-05-04 15:47:00 [DEBUG] [dacomst7-0120200504154700c0c6395c8fe8af639e25b2a0da703dc2c927d45e] Response (LGD_TIMESTAMP, 0) = 20200504154700
2020-05-04 15:47:00 [DEBUG] [dacomst7-0120200504154700c0c6395c8fe8af639e25b2a0da703dc2c927d45e] Response (LGD_RESPMSG, 0) = Ï°¥Ïû¨ÌïòÏßÄ ÏïäÎäî Í±∞ÎûòÏûÖÎãàÎã§.
