2020-04-16 17:08:33 [INFO ] [] XPayClient initialize [/regone/www/plugin/lgxpay/lgdacom] [service]
2020-04-16 17:08:33 [DEBUG] [] Config [server_id] = [01]
2020-04-16 17:08:33 [DEBUG] [] Config [timeout] = [60]
2020-04-16 17:08:33 [DEBUG] [] Config [log_level] = [4]
2020-04-16 17:08:33 [DEBUG] [] Config [verify_cert] = [1]
2020-04-16 17:08:33 [DEBUG] [] Config [verify_host] = [1]
2020-04-16 17:08:33 [DEBUG] [] Config [report_error] = [1]
2020-04-16 17:08:33 [DEBUG] [] Config [output_UTF8] = [1]
2020-04-16 17:08:33 [DEBUG] [] Config [auto_rollback] = [1]
2020-04-16 17:08:33 [DEBUG] [] Config [log_dir] = [/regone/www/plugin/lgxpay/lgdacom/log]
2020-04-16 17:08:33 [DEBUG] [] Config [tlgdacomxpay] = [95160cce09854ef44d2edb2bfb05f9f3]
2020-04-16 17:08:33 [DEBUG] [] Config [lgdacomxpay] = [95160cce09854ef44d2edb2bfb05f9f3]
2020-04-16 17:08:33 [DEBUG] [] Config [url] = [https://xpayclient.lgdacom.net/xpay/Gateway.do]
2020-04-16 17:08:33 [DEBUG] [] Config [test_url] = [https://xpayclient.lgdacom.net:7443/xpay/Gateway.do]
2020-04-16 17:08:33 [DEBUG] [] Config [aux_url] = [http://xpayclient.lgdacom.net:7080/xpay/Gateway.do]
2020-04-16 17:08:33 [DEBUG] [dacomst7-01202004161708332a8654a140119c4be4a34d95a89ef92fbbbd7957] Post [LGD_TXID] = [dacomst7-01202004161708332a8654a140119c4be4a34d95a89ef92fbbbd7957]
2020-04-16 17:08:33 [DEBUG] [dacomst7-01202004161708332a8654a140119c4be4a34d95a89ef92fbbbd7957] Post [LGD_AUTHCODE] = [9f53ce8aec8423ac6012dab663731dcb6ab49672]
2020-04-16 17:08:33 [DEBUG] [dacomst7-01202004161708332a8654a140119c4be4a34d95a89ef92fbbbd7957] Post [LGD_MID] = [dacomst7]
2020-04-16 17:08:33 [DEBUG] [dacomst7-01202004161708332a8654a140119c4be4a34d95a89ef92fbbbd7957] Post [LGD_TXNAME] = [PartialCancel]
2020-04-16 17:08:33 [DEBUG] [dacomst7-01202004161708332a8654a140119c4be4a34d95a89ef92fbbbd7957] Post [LGD_TID] = [20041216435810583223]
2020-04-16 17:08:33 [DEBUG] [dacomst7-01202004161708332a8654a140119c4be4a34d95a89ef92fbbbd7957] Post [LGD_CANCELAMOUNT] = [92377]
2020-04-16 17:08:33 [DEBUG] [dacomst7-01202004161708332a8654a140119c4be4a34d95a89ef92fbbbd7957] Post [LGD_REMAINAMOUNT] = [92377]
2020-04-16 17:08:33 [DEBUG] [dacomst7-01202004161708332a8654a140119c4be4a34d95a89ef92fbbbd7957] Post [LGD_CANCELTAXFREEAMOUNT] = [0]
2020-04-16 17:08:33 [DEBUG] [dacomst7-01202004161708332a8654a140119c4be4a34d95a89ef92fbbbd7957] Post [LGD_CANCELREASON] = [ê³µê¸‰ì‚¬ë°˜í™˜ì²˜ë¦¬]
2020-04-16 17:08:33 [DEBUG] [dacomst7-01202004161708332a8654a140119c4be4a34d95a89ef92fbbbd7957] Post [LGD_RFACCOUNTNUM] = []
2020-04-16 17:08:33 [DEBUG] [dacomst7-01202004161708332a8654a140119c4be4a34d95a89ef92fbbbd7957] Post [LGD_RFBANKCODE] = []
2020-04-16 17:08:33 [DEBUG] [dacomst7-01202004161708332a8654a140119c4be4a34d95a89ef92fbbbd7957] Post [LGD_RFCUSTOMERNAME] = []
2020-04-16 17:08:33 [DEBUG] [dacomst7-01202004161708332a8654a140119c4be4a34d95a89ef92fbbbd7957] Post [LGD_RFPHONE] = []
2020-04-16 17:08:33 [DEBUG] [dacomst7-01202004161708332a8654a140119c4be4a34d95a89ef92fbbbd7957] Post [LGD_REQREMAIN] = [0]
2020-04-16 17:08:33 [DEBUG] [dacomst7-01202004161708332a8654a140119c4be4a34d95a89ef92fbbbd7957] Post [LGD_ENCODING] = [UTF-8]
2020-04-16 17:08:33 [DEBUG] [dacomst7-01202004161708332a8654a140119c4be4a34d95a89ef92fbbbd7957] post_string = LGD_TXID=dacomst7-01202004161708332a8654a140119c4be4a34d95a89ef92fbbbd7957&LGD_AUTHCODE=9f53ce8aec8423ac6012dab663731dcb6ab49672&LGD_MID=dacomst7&LGD_TXNAME=PartialCancel&LGD_TID=20041216435810583223&LGD_CANCELAMOUNT=92377&LGD_REMAINAMOUNT=92377&LGD_CANCELTAXFREEAMOUNT=0&LGD_CANCELREASON=%EA%B3%B5%EA%B8%89%EC%82%AC%EB%B0%98%ED%99%98%EC%B2%98%EB%A6%AC&LGD_RFACCOUNTNUM=&LGD_RFBANKCODE=&LGD_RFCUSTOMERNAME=&LGD_RFPHONE=&LGD_REQREMAIN=0&LGD_ENCODING=UTF-8
2020-04-16 17:08:33 [DEBUG] [dacomst7-01202004161708332a8654a140119c4be4a34d95a89ef92fbbbd7957] Result = [









{"LGD_RESPCODE":"XC01","LGD_RESPMSG":"ì¡´ìž¬í•˜ì§€ ì•ŠëŠ” ê±°ëž˜ìž…ë‹ˆë‹¤.","LGD_RESPONSE":[{"LGD_RESPCODE":"XC01","LGD_HASHDATA":"1f84e5c26db6c14bd4166750b3aaa342","LGD_TIMESTAMP":"20200416170752","LGD_RESPMSG":"ì¡´ìž¬í•˜ì§€ ì•ŠëŠ” ê±°ëž˜ìž…ë‹ˆë‹¤."}]}
]
2020-04-16 17:08:33 [INFO ] [dacomst7-01202004161708332a8654a140119c4be4a34d95a89ef92fbbbd7957] Response Code=[XC01], Msg=[Á¸ÀçÇÏÁö ¾Ê´Â °Å·¡ÀÔ´Ï´Ù.], Count=1
2020-04-16 17:08:33 [DEBUG] [dacomst7-01202004161708332a8654a140119c4be4a34d95a89ef92fbbbd7957] Response (LGD_RESPCODE, 0) = XC01
2020-04-16 17:08:33 [DEBUG] [dacomst7-01202004161708332a8654a140119c4be4a34d95a89ef92fbbbd7957] Response (LGD_HASHDATA, 0) = 1f84e5c26db6c14bd4166750b3aaa342
2020-04-16 17:08:33 [DEBUG] [dacomst7-01202004161708332a8654a140119c4be4a34d95a89ef92fbbbd7957] Response (LGD_TIMESTAMP, 0) = 20200416170752
2020-04-16 17:08:33 [DEBUG] [dacomst7-01202004161708332a8654a140119c4be4a34d95a89ef92fbbbd7957] Response (LGD_RESPMSG, 0) = ì¡´ìž¬í•˜ì§€ ì•ŠëŠ” ê±°ëž˜ìž…ë‹ˆë‹¤.
