INFO	[2020-09-14 08:55:16:207] <9879> START INIPHP cancel (V5036-141209)(OS:Linux3.10.0-1127.el7.x86_64,PHP:7.0.33)
DEBUG	[2020-09-14 08:55:16:207] <9879> inipayhome:/home/payshop/www/shop/inicis
DEBUG	[2020-09-14 08:55:16:207] <9879> debug:false
DEBUG	[2020-09-14 08:55:16:207] <9879> type:cancel
DEBUG	[2020-09-14 08:55:16:207] <9879> mid:payshop001
DEBUG	[2020-09-14 08:55:16:207] <9879> admin:1111
DEBUG	[2020-09-14 08:55:16:207] <9879> tid:StdpayCARDiniescrow020200820160050138489
DEBUG	[2020-09-14 08:55:16:207] <9879> cancelmsg:ºÓ«Œ∏Ù øÓøµ¿⁄ Ω¬¿Œ √Îº“
INFO	[2020-09-14 08:55:16:207] <9879> Check Field OK
INFO	[2020-09-14 08:55:16:207] <9879> PI PUB KEY LOAD OK []
INFO	[2020-09-14 08:55:16:241] <9879> PG PUB KEY LOAD OK [30]
ERROR	[2020-09-14 08:55:16:241] <9879> ÏÉÅÏ†êÍ∞úÏù∏ÌÇ§ Î°úÎìúÏò§Î•ò
INFO	[2020-09-14 08:55:16:249] <9879> END cancel [TX9301|ÏÉÅÏ†êÍ∞úÏù∏ÌÇ§ Î°úÎìúÏò§Î•ò] Laptime:[0.076sec]
INFO	[2020-09-14 08:55:16:249] <9879> ===============================================================
INFO	[2020-09-14 08:55:28:281] <9872> START INIPHP cancel (V5036-141209)(OS:Linux3.10.0-1127.el7.x86_64,PHP:7.0.33)
DEBUG	[2020-09-14 08:55:28:281] <9872> inipayhome:/home/payshop/www/shop/inicis
DEBUG	[2020-09-14 08:55:28:281] <9872> debug:false
DEBUG	[2020-09-14 08:55:28:281] <9872> type:cancel
DEBUG	[2020-09-14 08:55:28:281] <9872> mid:payshop001
DEBUG	[2020-09-14 08:55:28:281] <9872> admin:1111
DEBUG	[2020-09-14 08:55:28:281] <9872> tid:StdpayCARDiniescrow020200820155627632351
DEBUG	[2020-09-14 08:55:28:281] <9872> cancelmsg:ºÓ«Œ∏Ù øÓøµ¿⁄ Ω¬¿Œ √Îº“
INFO	[2020-09-14 08:55:28:281] <9872> Check Field OK
INFO	[2020-09-14 08:55:28:281] <9872> PI PUB KEY LOAD OK []
INFO	[2020-09-14 08:55:28:282] <9872> PG PUB KEY LOAD OK [30]
ERROR	[2020-09-14 08:55:28:283] <9872> ÏÉÅÏ†êÍ∞úÏù∏ÌÇ§ Î°úÎìúÏò§Î•ò
INFO	[2020-09-14 08:55:28:290] <9872> END cancel [TX9301|ÏÉÅÏ†êÍ∞úÏù∏ÌÇ§ Î°úÎìúÏò§Î•ò] Laptime:[0.009sec]
INFO	[2020-09-14 08:55:28:291] <9872> ===============================================================
