INFO	[2019-04-03 11:27:37:392] <14746> START INIPHP receipt (V5036-141209)(OS:Linux2.6.32-696.20.1.el6.x86_64,PHP:5.5.17p1)
DEBUG	[2019-04-03 11:27:37:392] <14746> inipayhome:/home/hosting_users/k2k9company/www/shop/inicis
DEBUG	[2019-04-03 11:27:37:392] <14746> debug:false
DEBUG	[2019-04-03 11:27:37:392] <14746> type:receipt
DEBUG	[2019-04-03 11:27:37:392] <14746> pgid:INIphpRECP
DEBUG	[2019-04-03 11:27:37:392] <14746> paymethod:CASH
DEBUG	[2019-04-03 11:27:37:392] <14746> currency:WON
DEBUG	[2019-04-03 11:27:37:392] <14746> admin:1111
DEBUG	[2019-04-03 11:27:37:392] <14746> mid:asetec0001
DEBUG	[2019-04-03 11:27:37:392] <14746> goodname:∫∏æ∆Ω∫∞¯±‚√ª¡§±‚
DEBUG	[2019-04-03 11:27:37:392] <14746> cr_price:396000
DEBUG	[2019-04-03 11:27:37:392] <14746> sup_price:360000
DEBUG	[2019-04-03 11:27:37:392] <14746> tax:36000
DEBUG	[2019-04-03 11:27:37:392] <14746> srvc_price:0
DEBUG	[2019-04-03 11:27:37:392] <14746> buyername:πËºÆ±Ÿ
DEBUG	[2019-04-03 11:27:37:392] <14746> buyeremail:sgbae1@naver.com
DEBUG	[2019-04-03 11:27:37:392] <14746> buyertel:01022668639
DEBUG	[2019-04-03 11:27:37:392] <14746> reg_num:01022668639
DEBUG	[2019-04-03 11:27:37:392] <14746> useopt:0
DEBUG	[2019-04-03 11:27:37:392] <14746> companynumber:
INFO	[2019-04-03 11:27:37:393] <14746> Check Field OK
INFO	[2019-04-03 11:27:37:393] <14746> Make TID OK INIphpRECPasetec000120190403112737933996
INFO	[2019-04-03 11:27:37:393] <14746> PI PUB KEY LOAD OK []
INFO	[2019-04-03 11:27:37:409] <14746> PG PUB KEY LOAD OK [30]
ERROR	[2019-04-03 11:27:37:410] <14746> ÏÉÅÏ†êÍ∞úÏù∏ÌÇ§ Î°úÎìúÏò§Î•ò
INFO	[2019-04-03 11:27:37:417] <14746> END receipt [TX9301|ÏÉÅÏ†êÍ∞úÏù∏ÌÇ§ Î°úÎìúÏò§Î•ò] Laptime:[0.044sec]
INFO	[2019-04-03 11:27:37:417] <14746> ===============================================================
