INFO	[2019-07-13 18:44:09:587] <20231> START INIPHP repay (V5036-141209)(OS:Linux2.6.32-696.20.1.el6.x86_64,PHP:5.5.17p1)
DEBUG	[2019-07-13 18:44:09:587] <20231> inipayhome:/home/hosting_users/k2k9company/www/shop/inicis
DEBUG	[2019-07-13 18:44:09:587] <20231> debug:false
DEBUG	[2019-07-13 18:44:09:587] <20231> type:repay
DEBUG	[2019-07-13 18:44:09:587] <20231> pgid:INIphpRPAY
DEBUG	[2019-07-13 18:44:09:587] <20231> subpgip:203.238.3.10
DEBUG	[2019-07-13 18:44:09:587] <20231> mid:GODOsysu21
DEBUG	[2019-07-13 18:44:09:587] <20231> admin:1111
DEBUG	[2019-07-13 18:44:09:587] <20231> oldtid:StdpayCARDGODOsysu2120190713141316979898
DEBUG	[2019-07-13 18:44:09:587] <20231> currency:WON
DEBUG	[2019-07-13 18:44:09:587] <20231> price:467500
DEBUG	[2019-07-13 18:44:09:587] <20231> confirm_price:0
DEBUG	[2019-07-13 18:44:09:587] <20231> buyeremail:1@naver.com
DEBUG	[2019-07-13 18:44:09:587] <20231> tax:42500
DEBUG	[2019-07-13 18:44:09:587] <20231> taxfree:0
INFO	[2019-07-13 18:44:09:587] <20231> Check Field OK
INFO	[2019-07-13 18:44:09:587] <20231> Make TID OK INIphpRPAYGODOsysu2120190713184409874236
INFO	[2019-07-13 18:44:09:587] <20231> PI PUB KEY LOAD OK []
INFO	[2019-07-13 18:44:09:588] <20231> PG PUB KEY LOAD OK [30]
ERROR	[2019-07-13 18:44:09:588] <20231> 상점개인키 로드오류
INFO	[2019-07-13 18:44:09:590] <20231> END repay [TX9301|상점개인키 로드오류] Laptime:[0.003sec]
INFO	[2019-07-13 18:44:09:590] <20231> ===============================================================
