INFO	[2020-01-15 11:18:35:181] <10562> START INIPHP repay (V5036-141209)(OS:Linux3.10.0-957.21.3.el7.x86_64,PHP:7.2.22)
DEBUG	[2020-01-15 11:18:35:181] <10562> inipayhome:/home/thanqmall/www/shop/inicis
DEBUG	[2020-01-15 11:18:35:181] <10562> debug:false
DEBUG	[2020-01-15 11:18:35:181] <10562> type:repay
DEBUG	[2020-01-15 11:18:35:181] <10562> pgid:INIphpRPAY
DEBUG	[2020-01-15 11:18:35:181] <10562> subpgip:203.238.3.10
DEBUG	[2020-01-15 11:18:35:181] <10562> mid:TUBkgs3650
DEBUG	[2020-01-15 11:18:35:181] <10562> admin:1111
DEBUG	[2020-01-15 11:18:35:181] <10562> oldtid:INIMX_CARDTUBkgs365020191215030917885138
DEBUG	[2020-01-15 11:18:35:181] <10562> currency:WON
DEBUG	[2020-01-15 11:18:35:181] <10562> price:43200
DEBUG	[2020-01-15 11:18:35:181] <10562> confirm_price:0
DEBUG	[2020-01-15 11:18:35:181] <10562> buyeremail:
DEBUG	[2020-01-15 11:18:35:181] <10562> tax:3927
DEBUG	[2020-01-15 11:18:35:181] <10562> taxfree:0
INFO	[2020-01-15 11:18:35:181] <10562> Check Field OK
INFO	[2020-01-15 11:18:35:182] <10562> Make TID OK INIphpRPAYTUBkgs365020200115111835815935
INFO	[2020-01-15 11:18:35:182] <10562> PI PUB KEY LOAD OK []
INFO	[2020-01-15 11:18:35:183] <10562> PG PUB KEY LOAD OK [30]
ERROR	[2020-01-15 11:18:35:183] <10562> 상점개인키 로드오류
INFO	[2020-01-15 11:18:35:190] <10562> END repay [TX9301|상점개인키 로드오류] Laptime:[0.009sec]
INFO	[2020-01-15 11:18:35:190] <10562> ===============================================================
INFO	[2020-01-15 11:19:03:222] <9763> START INIPHP repay (V5036-141209)(OS:Linux3.10.0-957.21.3.el7.x86_64,PHP:7.2.22)
DEBUG	[2020-01-15 11:19:03:222] <9763> inipayhome:/home/thanqmall/www/shop/inicis
DEBUG	[2020-01-15 11:19:03:222] <9763> debug:false
DEBUG	[2020-01-15 11:19:03:222] <9763> type:repay
DEBUG	[2020-01-15 11:19:03:222] <9763> pgid:INIphpRPAY
DEBUG	[2020-01-15 11:19:03:222] <9763> subpgip:203.238.3.10
DEBUG	[2020-01-15 11:19:03:222] <9763> mid:TUBkgs3650
DEBUG	[2020-01-15 11:19:03:222] <9763> admin:1111
DEBUG	[2020-01-15 11:19:03:222] <9763> oldtid:INIMX_CARDTUBkgs365020191215030917885138
DEBUG	[2020-01-15 11:19:03:222] <9763> currency:WON
DEBUG	[2020-01-15 11:19:03:222] <9763> price:43200
DEBUG	[2020-01-15 11:19:03:222] <9763> confirm_price:0
DEBUG	[2020-01-15 11:19:03:222] <9763> buyeremail:
DEBUG	[2020-01-15 11:19:03:222] <9763> tax:3927
DEBUG	[2020-01-15 11:19:03:222] <9763> taxfree:0
INFO	[2020-01-15 11:19:03:223] <9763> Check Field OK
INFO	[2020-01-15 11:19:03:223] <9763> Make TID OK INIphpRPAYTUBkgs365020200115111903238877
INFO	[2020-01-15 11:19:03:223] <9763> PI PUB KEY LOAD OK []
INFO	[2020-01-15 11:19:03:223] <9763> PG PUB KEY LOAD OK [30]
ERROR	[2020-01-15 11:19:03:223] <9763> 상점개인키 로드오류
INFO	[2020-01-15 11:19:03:230] <9763> END repay [TX9301|상점개인키 로드오류] Laptime:[0.008sec]
INFO	[2020-01-15 11:19:03:230] <9763> ===============================================================
INFO	[2020-01-15 11:31:22:800] <12010> START INIPHP repay (V5036-141209)(OS:Linux3.10.0-957.21.3.el7.x86_64,PHP:7.2.22)
DEBUG	[2020-01-15 11:31:22:800] <12010> inipayhome:/home/thanqmall/www/shop/inicis
DEBUG	[2020-01-15 11:31:22:800] <12010> debug:false
DEBUG	[2020-01-15 11:31:22:800] <12010> type:repay
DEBUG	[2020-01-15 11:31:22:800] <12010> pgid:INIphpRPAY
DEBUG	[2020-01-15 11:31:22:800] <12010> subpgip:203.238.3.10
DEBUG	[2020-01-15 11:31:22:800] <12010> mid:TUBkgs3650
DEBUG	[2020-01-15 11:31:22:800] <12010> admin:1111
DEBUG	[2020-01-15 11:31:22:800] <12010> oldtid:INIMX_CARDTUBkgs365020191215030917885138
DEBUG	[2020-01-15 11:31:22:800] <12010> currency:WON
DEBUG	[2020-01-15 11:31:22:800] <12010> price:43200
DEBUG	[2020-01-15 11:31:22:800] <12010> confirm_price:0
DEBUG	[2020-01-15 11:31:22:800] <12010> buyeremail:
DEBUG	[2020-01-15 11:31:22:800] <12010> tax:3927
DEBUG	[2020-01-15 11:31:22:800] <12010> taxfree:0
INFO	[2020-01-15 11:31:22:800] <12010> Check Field OK
INFO	[2020-01-15 11:31:22:800] <12010> Make TID OK INIphpRPAYTUBkgs365020200115113122003056
INFO	[2020-01-15 11:31:22:801] <12010> PI PUB KEY LOAD OK []
INFO	[2020-01-15 11:31:22:801] <12010> PG PUB KEY LOAD OK [30]
ERROR	[2020-01-15 11:31:22:801] <12010> 상점개인키 로드오류
INFO	[2020-01-15 11:31:22:808] <12010> END repay [TX9301|상점개인키 로드오류] Laptime:[0.008sec]
INFO	[2020-01-15 11:31:22:808] <12010> ===============================================================
INFO	[2020-01-15 11:31:38:947] <11672> START INIPHP repay (V5036-141209)(OS:Linux3.10.0-957.21.3.el7.x86_64,PHP:7.2.22)
DEBUG	[2020-01-15 11:31:38:947] <11672> inipayhome:/home/thanqmall/www/shop/inicis
DEBUG	[2020-01-15 11:31:38:947] <11672> debug:false
DEBUG	[2020-01-15 11:31:38:947] <11672> type:repay
DEBUG	[2020-01-15 11:31:38:947] <11672> pgid:INIphpRPAY
DEBUG	[2020-01-15 11:31:38:947] <11672> subpgip:203.238.3.10
DEBUG	[2020-01-15 11:31:38:947] <11672> mid:TUBkgs3650
DEBUG	[2020-01-15 11:31:38:947] <11672> admin:1111
DEBUG	[2020-01-15 11:31:38:947] <11672> oldtid:INIMX_CARDTUBkgs365020191215030917885138
DEBUG	[2020-01-15 11:31:38:947] <11672> currency:WON
DEBUG	[2020-01-15 11:31:38:947] <11672> price:43200
DEBUG	[2020-01-15 11:31:38:947] <11672> confirm_price:0
DEBUG	[2020-01-15 11:31:38:947] <11672> buyeremail:
DEBUG	[2020-01-15 11:31:38:947] <11672> tax:3927
DEBUG	[2020-01-15 11:31:38:947] <11672> taxfree:0
INFO	[2020-01-15 11:31:38:947] <11672> Check Field OK
INFO	[2020-01-15 11:31:38:947] <11672> Make TID OK INIphpRPAYTUBkgs365020200115113138471821
INFO	[2020-01-15 11:31:38:947] <11672> PI PUB KEY LOAD OK []
INFO	[2020-01-15 11:31:38:947] <11672> PG PUB KEY LOAD OK [30]
ERROR	[2020-01-15 11:31:38:947] <11672> 상점개인키 로드오류
INFO	[2020-01-15 11:31:38:955] <11672> END repay [TX9301|상점개인키 로드오류] Laptime:[0.008sec]
INFO	[2020-01-15 11:31:38:955] <11672> ===============================================================
