INFO	[2019-04-04 12:57:22:243] <31886> START INIPHP repay (V5036-141209)(OS:Linux2.6.32-696.20.1.el6.x86_64,PHP:5.5.17p1)
DEBUG	[2019-04-04 12:57:22:243] <31886> inipayhome:/home/hosting_users/k2k9company/www/shop/inicis
DEBUG	[2019-04-04 12:57:22:243] <31886> debug:false
DEBUG	[2019-04-04 12:57:22:243] <31886> type:repay
DEBUG	[2019-04-04 12:57:22:243] <31886> pgid:INIphpRPAY
DEBUG	[2019-04-04 12:57:22:243] <31886> subpgip:203.238.3.10
DEBUG	[2019-04-04 12:57:22:243] <31886> mid:TUBk2k9com
DEBUG	[2019-04-04 12:57:22:243] <31886> admin:1111
DEBUG	[2019-04-04 12:57:22:243] <31886> oldtid:StdpayCARDTUBk2k9com20190404125111001851
DEBUG	[2019-04-04 12:57:22:243] <31886> currency:WON
DEBUG	[2019-04-04 12:57:22:243] <31886> price:396000
DEBUG	[2019-04-04 12:57:22:243] <31886> confirm_price:0
DEBUG	[2019-04-04 12:57:22:243] <31886> buyeremail:paykhanorg@gmail.com
DEBUG	[2019-04-04 12:57:22:243] <31886> tax:36000
DEBUG	[2019-04-04 12:57:22:243] <31886> taxfree:0
INFO	[2019-04-04 12:57:22:243] <31886> Check Field OK
INFO	[2019-04-04 12:57:22:243] <31886> Make TID OK INIphpRPAYTUBk2k9com20190404125722438722
INFO	[2019-04-04 12:57:22:243] <31886> PI PUB KEY LOAD OK []
INFO	[2019-04-04 12:57:22:244] <31886> PG PUB KEY LOAD OK [30]
ERROR	[2019-04-04 12:57:22:244] <31886> 상점개인키 로드오류
INFO	[2019-04-04 12:57:22:250] <31886> END repay [TX9301|상점개인키 로드오류] Laptime:[0.007sec]
INFO	[2019-04-04 12:57:22:250] <31886> ===============================================================
