INFO	[2019-12-10 17:10:15:625] <31828> START INIPHP cancel (V5036-141209)(OS:Linux3.10.0-957.21.3.el7.x86_64,PHP:7.2.22)
DEBUG	[2019-12-10 17:10:15:625] <31828> inipayhome:/home/thanqmall/www/shop/inicis
DEBUG	[2019-12-10 17:10:15:625] <31828> debug:false
DEBUG	[2019-12-10 17:10:15:625] <31828> type:cancel
DEBUG	[2019-12-10 17:10:15:625] <31828> mid:TUBkgs3650
DEBUG	[2019-12-10 17:10:15:625] <31828> admin:1111
DEBUG	[2019-12-10 17:10:15:625] <31828> tid:StdpayCARDTUBkgs365020191129111304184332
DEBUG	[2019-12-10 17:10:15:625] <31828> cancelmsg:¡÷πÆ¿⁄ ∫ª¿Œ √Îº“-¡÷πÆ«—¡ˆ ¿œ¡÷¿œ¿Ã ≥—µµ∑œ πËº€¿Ã ø¿¡ˆ æ æ∆ø‰.
INFO	[2019-12-10 17:10:15:625] <31828> Check Field OK
INFO	[2019-12-10 17:10:15:625] <31828> PI PUB KEY LOAD OK []
INFO	[2019-12-10 17:10:15:625] <31828> PG PUB KEY LOAD OK [30]
ERROR	[2019-12-10 17:10:15:625] <31828> ÏÉÅÏ†êÍ∞úÏù∏ÌÇ§ Î°úÎìúÏò§Î•ò
INFO	[2019-12-10 17:10:15:632] <31828> END cancel [TX9301|ÏÉÅÏ†êÍ∞úÏù∏ÌÇ§ Î°úÎìúÏò§Î•ò] Laptime:[0.008sec]
INFO	[2019-12-10 17:10:15:632] <31828> ===============================================================
INFO	[2019-12-10 17:10:42:731] <31487> START INIPHP cancel (V5036-141209)(OS:Linux3.10.0-957.21.3.el7.x86_64,PHP:7.2.22)
DEBUG	[2019-12-10 17:10:42:731] <31487> inipayhome:/home/thanqmall/www/shop/inicis
DEBUG	[2019-12-10 17:10:42:731] <31487> debug:false
DEBUG	[2019-12-10 17:10:42:731] <31487> type:cancel
DEBUG	[2019-12-10 17:10:42:731] <31487> mid:TUBkgs3650
DEBUG	[2019-12-10 17:10:42:731] <31487> admin:1111
DEBUG	[2019-12-10 17:10:42:731] <31487> tid:StdpayCARDTUBkgs365020191129111304184332
DEBUG	[2019-12-10 17:10:42:731] <31487> cancelmsg:¡÷πÆ¿⁄ ∫ª¿Œ √Îº“-¡÷πÆ«—¡ˆ ¿œ¡÷¿œ¿Ã ≥—µµ∑œ πËº€¿Ã ø¿¡ˆ æ æ∆ø‰.
INFO	[2019-12-10 17:10:42:731] <31487> Check Field OK
INFO	[2019-12-10 17:10:42:731] <31487> PI PUB KEY LOAD OK []
INFO	[2019-12-10 17:10:42:731] <31487> PG PUB KEY LOAD OK [30]
ERROR	[2019-12-10 17:10:42:731] <31487> ÏÉÅÏ†êÍ∞úÏù∏ÌÇ§ Î°úÎìúÏò§Î•ò
INFO	[2019-12-10 17:10:42:738] <31487> END cancel [TX9301|ÏÉÅÏ†êÍ∞úÏù∏ÌÇ§ Î°úÎìúÏò§Î•ò] Laptime:[0.008sec]
INFO	[2019-12-10 17:10:42:738] <31487> ===============================================================
INFO	[2019-12-10 17:11:30:252] <31891> START INIPHP cancel (V5036-141209)(OS:Linux3.10.0-957.21.3.el7.x86_64,PHP:7.2.22)
DEBUG	[2019-12-10 17:11:30:252] <31891> inipayhome:/home/thanqmall/www/shop/inicis
DEBUG	[2019-12-10 17:11:30:252] <31891> debug:false
DEBUG	[2019-12-10 17:11:30:252] <31891> type:cancel
DEBUG	[2019-12-10 17:11:30:252] <31891> mid:TUBkgs3650
DEBUG	[2019-12-10 17:11:30:252] <31891> admin:1111
DEBUG	[2019-12-10 17:11:30:252] <31891> tid:StdpayCARDTUBkgs365020191129111304184332
DEBUG	[2019-12-10 17:11:30:252] <31891> cancelmsg:¡÷πÆ¿⁄ ∫ª¿Œ √Îº“-¿œ¡÷¿œ¿Ã ≥—µµ∑œ ø¨∂Ùµµ, πËº€µµ ø¿¡ˆ æ ≥◊ø‰.
INFO	[2019-12-10 17:11:30:252] <31891> Check Field OK
INFO	[2019-12-10 17:11:30:252] <31891> PI PUB KEY LOAD OK []
INFO	[2019-12-10 17:11:30:252] <31891> PG PUB KEY LOAD OK [30]
ERROR	[2019-12-10 17:11:30:252] <31891> ÏÉÅÏ†êÍ∞úÏù∏ÌÇ§ Î°úÎìúÏò§Î•ò
INFO	[2019-12-10 17:11:31:64] <31891> END cancel [TX9301|ÏÉÅÏ†êÍ∞úÏù∏ÌÇ§ Î°úÎìúÏò§Î•ò] Laptime:[0.812sec]
INFO	[2019-12-10 17:11:31:64] <31891> ===============================================================
INFO	[2019-12-10 17:12:44:510] <32019> START INIPHP cancel (V5036-141209)(OS:Linux3.10.0-957.21.3.el7.x86_64,PHP:7.2.22)
DEBUG	[2019-12-10 17:12:44:510] <32019> inipayhome:/home/thanqmall/www/shop/inicis
DEBUG	[2019-12-10 17:12:44:510] <32019> debug:false
DEBUG	[2019-12-10 17:12:44:510] <32019> type:cancel
DEBUG	[2019-12-10 17:12:44:510] <32019> mid:TUBkgs3650
DEBUG	[2019-12-10 17:12:44:510] <32019> admin:1111
DEBUG	[2019-12-10 17:12:44:510] <32019> tid:StdpayCARDTUBkgs365020191129111304184332
DEBUG	[2019-12-10 17:12:44:510] <32019> cancelmsg:ºÓ«Œ∏Ù øÓøµ¿⁄ Ω¬¿Œ √Îº“
INFO	[2019-12-10 17:12:44:510] <32019> Check Field OK
INFO	[2019-12-10 17:12:44:510] <32019> PI PUB KEY LOAD OK []
INFO	[2019-12-10 17:12:44:510] <32019> PG PUB KEY LOAD OK [30]
ERROR	[2019-12-10 17:12:44:510] <32019> ÏÉÅÏ†êÍ∞úÏù∏ÌÇ§ Î°úÎìúÏò§Î•ò
INFO	[2019-12-10 17:12:44:518] <32019> END cancel [TX9301|ÏÉÅÏ†êÍ∞úÏù∏ÌÇ§ Î°úÎìúÏò§Î•ò] Laptime:[0.008sec]
INFO	[2019-12-10 17:12:44:518] <32019> ===============================================================
