INFO	[2020-12-01 00:54:57:319] <14629> START INIPHP cancel (V5036-141209)(OS:Linux3.10.0-1127.el7.x86_64,PHP:7.0.33)
DEBUG	[2020-12-01 00:54:57:319] <14629> inipayhome:/home/payshop/www/shop/inicis
DEBUG	[2020-12-01 00:54:57:319] <14629> debug:false
DEBUG	[2020-12-01 00:54:57:319] <14629> type:cancel
DEBUG	[2020-12-01 00:54:57:319] <14629> mid:payshop001
DEBUG	[2020-12-01 00:54:57:319] <14629> admin:1111
DEBUG	[2020-12-01 00:54:57:319] <14629> tid:INIMX_CARDpayshop00120201201005206715620
DEBUG	[2020-12-01 00:54:57:319] <14629> cancelmsg:¡÷πÆ¿⁄ ∫ª¿Œ √Îº“-≈◊Ω∫∆Æ
INFO	[2020-12-01 00:54:57:319] <14629> Check Field OK
INFO	[2020-12-01 00:54:57:319] <14629> PI PUB KEY LOAD OK []
INFO	[2020-12-01 00:54:57:358] <14629> PG PUB KEY LOAD OK [30]
ERROR	[2020-12-01 00:54:57:358] <14629> ÏÉÅÏ†êÍ∞úÏù∏ÌÇ§ Î°úÎìúÏò§Î•ò
INFO	[2020-12-01 00:54:57:365] <14629> END cancel [TX9301|ÏÉÅÏ†êÍ∞úÏù∏ÌÇ§ Î°úÎìúÏò§Î•ò] Laptime:[0.079sec]
INFO	[2020-12-01 00:54:57:365] <14629> ===============================================================
INFO	[2020-12-01 00:55:31:530] <17012> START INIPHP cancel (V5036-141209)(OS:Linux3.10.0-1127.el7.x86_64,PHP:7.0.33)
DEBUG	[2020-12-01 00:55:31:530] <17012> inipayhome:/home/payshop/www/shop/inicis
DEBUG	[2020-12-01 00:55:31:530] <17012> debug:false
DEBUG	[2020-12-01 00:55:31:530] <17012> type:cancel
DEBUG	[2020-12-01 00:55:31:530] <17012> mid:payshop001
DEBUG	[2020-12-01 00:55:31:530] <17012> admin:1111
DEBUG	[2020-12-01 00:55:31:530] <17012> tid:INIMX_CARDpayshop00120201201005206715620
DEBUG	[2020-12-01 00:55:31:530] <17012> cancelmsg:¡÷πÆ¿⁄ ∫ª¿Œ √Îº“-≈◊Ω∫∆Æ
INFO	[2020-12-01 00:55:31:530] <17012> Check Field OK
INFO	[2020-12-01 00:55:31:530] <17012> PI PUB KEY LOAD OK []
INFO	[2020-12-01 00:55:31:531] <17012> PG PUB KEY LOAD OK [30]
ERROR	[2020-12-01 00:55:31:531] <17012> ÏÉÅÏ†êÍ∞úÏù∏ÌÇ§ Î°úÎìúÏò§Î•ò
INFO	[2020-12-01 00:55:31:538] <17012> END cancel [TX9301|ÏÉÅÏ†êÍ∞úÏù∏ÌÇ§ Î°úÎìúÏò§Î•ò] Laptime:[0.009sec]
INFO	[2020-12-01 00:55:31:538] <17012> ===============================================================
INFO	[2020-12-01 09:00:45:648] <30806> START INIPHP cancel (V5036-141209)(OS:Linux3.10.0-1127.el7.x86_64,PHP:7.0.33)
DEBUG	[2020-12-01 09:00:45:648] <30806> inipayhome:/home/payshop/www/shop/inicis
DEBUG	[2020-12-01 09:00:45:648] <30806> debug:false
DEBUG	[2020-12-01 09:00:45:648] <30806> type:cancel
DEBUG	[2020-12-01 09:00:45:648] <30806> mid:payshop001
DEBUG	[2020-12-01 09:00:45:648] <30806> admin:1111
DEBUG	[2020-12-01 09:00:45:648] <30806> tid:INIMX_CARDpayshop00120201201005206715620
DEBUG	[2020-12-01 09:00:45:648] <30806> cancelmsg:ºÓ«Œ∏Ù øÓøµ¿⁄ Ω¬¿Œ √Îº“
INFO	[2020-12-01 09:00:45:648] <30806> Check Field OK
INFO	[2020-12-01 09:00:45:648] <30806> PI PUB KEY LOAD OK []
INFO	[2020-12-01 09:00:45:649] <30806> PG PUB KEY LOAD OK [30]
ERROR	[2020-12-01 09:00:45:649] <30806> ÏÉÅÏ†êÍ∞úÏù∏ÌÇ§ Î°úÎìúÏò§Î•ò
INFO	[2020-12-01 09:00:45:656] <30806> END cancel [TX9301|ÏÉÅÏ†êÍ∞úÏù∏ÌÇ§ Î°úÎìúÏò§Î•ò] Laptime:[0.009sec]
INFO	[2020-12-01 09:00:45:656] <30806> ===============================================================
